[10:48:19] [luckperms-worker-2/INFO]: [LP] LOG > (Console@skyblock) [U] (flaimerpro)
[10:48:19] [luckperms-worker-2/INFO]: [LP] LOG > meta set skyblock.quest.done.35 5
[10:48:19] [luckperms-worker-2/INFO]: [LP] LOG > (Console@skyblock) [U] (flaimerpro)
[10:48:19] [luckperms-worker-2/INFO]: [LP] LOG > meta set skyblock.quest.done.36 5
[10:48:19] [luckperms-worker-2/INFO]: [LP] LOG > (Console@skyblock) [U] (flaimerpro)
[10:48:19] [luckperms-worker-2/INFO]: [LP] LOG > meta set skyblock.quest.done.37 5
[10:48:22] [luckperms-worker-2/INFO]: [LP] LOG > (Console@skyblock) [U] (flaimerpro)
[10:48:22] [luckperms-worker-2/INFO]: [LP] LOG > meta set skyblock.quest.done.35 6
[10:48:22] [luckperms-worker-2/INFO]: [LP] LOG > (Console@skyblock) [U] (flaimerpro)
[10:48:22] [luckperms-worker-2/INFO]: [LP] LOG > meta set skyblock.quest.done.36 6
[10:48:22] [luckperms-worker-2/INFO]: [LP] LOG > (Console@skyblock) [U] (flaimerpro)
[10:48:22] [luckperms-worker-2/INFO]: [LP] LOG > meta set skyblock.quest.done.37 6
[11:02:53] [Server thread/INFO]: Stopping the server
[11:02:53] [Server thread/INFO]: Stopping server
[11:02:53] [Server thread/INFO]: [CMI] Disabling CMI v9.1.0.1
[11:02:53] [Server thread/INFO]: [CMI] Closed db connections
[11:02:53] [Server thread/INFO]: [CMILib] Disabling CMILib v1.1.1.0
[11:02:53] [Server thread/INFO]: [SnapiClans] Disabling SnapiClans v3.0.0
[11:02:53] [Server thread/INFO]: [DecentHolograms] Disabling DecentHolograms v2.8.6
[11:02:53] [Server thread/INFO]: [SnapiCoin] Disabling SnapiCoin v1.0.0
[11:02:53] [Server thread/INFO]: [SnapiBalancer] Disabling SnapiBalancer v1.5
[11:02:53] [Server thread/INFO]: [BetterRTP] Disabling BetterRTP v2.9.3
[11:02:53] [Server thread/INFO]: [ItemJoin] Disabling ItemJoin v6.0.7-RELEASE-b995
[11:02:53] [Server thread/INFO]: [SnapiSet] Disabling SnapiSet v1.0.0
[11:02:53] [Server thread/INFO]: [SnapiProfile] Disabling SnapiProfile v1.0.0
[11:02:53] [Server thread/INFO]: [CrazyAuctions] Disabling CrazyAuctions v1.2.7
[11:02:53] [Server thread/INFO]: [Invero] Disabling Invero v1.0.8-pre-1
[11:02:54] [Server thread/INFO]: [com.zaxxer.hikari_4_0_3.HikariDataSource] HikariPool-1 - Shutdown initiated...
[11:02:54] [Server thread/INFO]: [com.zaxxer.hikari_4_0_3.HikariDataSource] HikariPool-1 - Shutdown completed.
[11:02:54] [Server thread/INFO]: [SnapiCooperation] Disabling SnapiCooperation v1.0.0
[11:02:54] [Server thread/INFO]: [Citizens] Disabling Citizens v2.0.30-SNAPSHOT (build 2881)
[11:02:54] [Server thread/INFO]: [SnapiLibrary] Disabling SnapiLibrary v2.0.0
[11:02:54] [Server thread/INFO]: [EnchantGui] Disabling EnchantGui v3.6.4
[11:02:54] [Server thread/INFO]: [XConomy] Disabling XConomy v2.25.15
[11:02:54] [XConomyRedisSub/INFO]: [XConomy] Unsubscribe redis channel
[11:02:54] [Server thread/INFO]: [XConomy] XConomy успешно выключен
[11:02:54] [Server thread/INFO]: [HeadDatabase] Disabling HeadDatabase v4.13.4
[11:02:54] [Server thread/INFO]: [Jobs] Disabling Jobs v4.16.3
[11:02:54] [Jobs-DatabaseSaveTask/INFO]: [Jobs] Database save task shutdown!
[11:02:54] [Jobs-BufferedPaymentThread/INFO]: [Jobs] Buffered payment thread shutdown.
[11:02:54] [Server thread/INFO]: [Jobs] Plugin has been disabled successfully.
[11:02:54] [Server thread/INFO]: [AlonsoLevels] Disabling AlonsoLevels v2.2.3-BETA-PRO
[11:02:54] [Server thread/INFO]: [AlonsoLevels] [MySQL] Forcing connection close..
[11:02:54] [Server thread/INFO]: [com.alonsoaliaga.alonsolevels.libraries.hikari.HikariDataSource] HikariPool-1 - Shutdown initiated...
[11:02:54] [Server thread/INFO]: [com.alonsoaliaga.alonsolevels.libraries.hikari.HikariDataSource] HikariPool-1 - Shutdown completed.
[11:02:54] [Server thread/INFO]:  
[11:02:54] [Server thread/INFO]: [AlonsoLevels] Plugin has been disabled!
[11:02:54] [Server thread/INFO]: [AlonsoLevels] Thank you for using my plugin!
[11:02:54] [Server thread/INFO]:  
[11:02:54] [Server thread/INFO]: [BetterSocial] Disabling BetterSocial v1.3-BETA
[11:02:54] [Server thread/INFO]: [BetterSocial] [MySQL] Forcing connection close..
[11:02:54] [Server thread/INFO]: [com.alonsoaliaga.bettersocial.libraries.hikari.HikariDataSource] HikariPool-1 - Shutdown initiated...
[11:02:54] [Server thread/INFO]: [com.alonsoaliaga.bettersocial.libraries.hikari.HikariDataSource] HikariPool-1 - Shutdown completed.
[11:02:54] [Server thread/INFO]:  
[11:02:54] [Server thread/INFO]: [BetterSocial] Plugin has been disabled!
[11:02:54] [Server thread/INFO]: [BetterSocial] Thank you for using my plugin!
[11:02:54] [Server thread/INFO]:  
[11:02:54] [Server thread/INFO]: [Chatty] Disabling Chatty v2.19.14
[11:02:54] [Server thread/INFO]: [TigerReports] Disabling TigerReports v4.13.1
[11:02:54] [Server thread/INFO]: [Vault] Disabling Vault v1.7.3-b131
[11:02:54] [Server thread/INFO]: [PlaceholderAPI] Unregistered placeholder expansion: vault
[11:02:54] [Server thread/INFO]: [TAB] Disabling TAB v4.0.3
[11:02:54] [Server thread/INFO]: [TAB] Disabled in 0ms
[11:02:54] [Server thread/INFO]: [ProtocolLib] Disabling ProtocolLib v5.0.0-SNAPSHOT-b587
[11:02:54] [Server thread/INFO]: [LastLoginAPI] Disabling LastLoginAPI v1.7.4
[11:02:54] [Server thread/INFO]: [LastLoginAPI] Disabling LastLoginAPI
[11:02:54] [Server thread/WARN]: [Server thread] INFO com.alessiodp.lastloginapi.libs.hikari.HikariDataSource - HikariPool-1 - Shutdown initiated...
[11:02:54] [Server thread/WARN]: [Server thread] INFO com.alessiodp.lastloginapi.libs.hikari.HikariDataSource - HikariPool-1 - Shutdown completed.
[11:02:54] [Server thread/INFO]: [LastLoginAPI] LastLoginAPI disabled
[11:02:54] [Server thread/INFO]: [LuckPerms] Disabling LuckPerms v5.4.117
[11:02:54] [Server thread/INFO]: [PlaceholderAPI] Unregistered placeholder expansion: luckperms
[11:02:54] [Server thread/INFO]: [LuckPerms] Starting shutdown process...
[11:02:54] [Server thread/INFO]: [LuckPerms] Closing messaging service...
[11:02:54] [Server thread/INFO]: [LuckPerms] Closing storage...
[11:02:54] [Server thread/INFO]: [me.lucko.luckperms.lib.hikari.HikariDataSource] luckperms-hikari - Shutdown initiated...
[11:02:54] [Server thread/INFO]: [me.lucko.luckperms.lib.hikari.HikariDataSource] luckperms-hikari - Shutdown completed.
[11:02:54] [Server thread/INFO]: [LuckPerms] Goodbye!
[11:02:54] [Server thread/INFO]: [ViaRewind] Disabling ViaRewind v4.0.0
[11:02:54] [Server thread/INFO]: [ViaBackwards] Disabling ViaBackwards v5.0.1
[11:02:54] [Server thread/INFO]: [NBTAPI] Disabling NBTAPI v2.8.0
[11:02:54] [Server thread/INFO]: [ViaVersion] Disabling ViaVersion v5.0.1
[11:02:54] [Server thread/INFO]: [ViaVersion] ViaVersion is disabling, if this is a reload and you experience issues consider rebooting.
[11:02:54] [Server thread/INFO]: [CommandForward] Disabling CommandForward v0.5.0
[11:02:54] [Server thread/INFO]: [WGExtender] Disabling WGExtender v1.0
[11:02:54] [Server thread/INFO]: [WGRegionEvents] Disabling WGRegionEvents v1.1
[11:02:54] [Server thread/INFO]: [ServerUtils] Disabling ServerUtils v3.5.3
[11:02:54] [Server thread/INFO]: [OldCombatMechanics] Disabling OldCombatMechanics v1.11.0
[11:02:54] [Server thread/INFO]: [OldCombatMechanics] OldCombatMechanics v1.11.0 has been disabled
[11:02:54] [Server thread/INFO]: [WorldGuard] Disabling WorldGuard v6.2.2-SNAPSHOT
[11:02:54] [Server thread/INFO]: [WorldGuard] Завершение работы исполнителя и ожидание каких-либо незавершенных задач...
[11:02:54] [Server thread/INFO]: [AntiRelog] Disabling AntiRelog v2.1
[11:02:54] [Server thread/INFO]: [ConditionalEvents] Disabling ConditionalEvents v3.6.3
[11:02:54] [Server thread/INFO]: [ConditionalEvents] Has been disabled! Version: 3.6.3
[11:02:54] [Server thread/INFO]: [spark] Disabling spark v1.10.93
[11:02:54] [Server thread/INFO]: [DisableJoinMessage] Disabling DisableJoinMessage v1.0
[11:02:54] [Server thread/INFO]: [PlaceholderAPI] Disabling PlaceholderAPI v2.10.10
[11:02:54] [Server thread/INFO]: [MainChairs] Disabling MainChairs v0.9.4
[11:02:54] [Server thread/INFO]: [WorldEdit] Disabling WorldEdit v6.1.9-SNAPSHOT
[11:02:54] [Server thread/INFO]: Saving players
[11:02:54] [Server thread/INFO]: Saving worlds
[11:02:54] [Server thread/INFO]: Saving chunks for level 'world'/overworld
[11:02:54] [Server thread/INFO]: Saving chunks for level 'world_nether'/the_nether
[11:02:54] [Server thread/INFO]: Saving chunks for level 'world_the_end'/the_end
