[21:23:14] [Server thread/INFO]: Starting minecraft server version 1.12.2
[21:23:14] [Server thread/INFO]: Loading properties
[21:23:14] [Server thread/INFO]: Default game type: SURVIVAL
[21:23:14] [Server thread/INFO]: This server is running Paper version git-Paper-4466fe0 (MC: 1.12.2) (Implementing API version 1.12.2-R0.1-SNAPSHOT)
[21:23:14] [Server thread/INFO]: Debug logging is disabled
[21:23:14] [Server thread/WARN]: Ignoring non existent stats.forced-stats achievement.openInventory
[21:23:14] [Server thread/WARN]: Ignoring non existent stats.forced-stats achievement.diamonds
[21:23:14] [Server thread/INFO]: Using 4 threads for Netty based IO
[21:23:14] [Server thread/INFO]: Generating keypair
[21:23:14] [Server thread/INFO]: Starting Minecraft server on *:21102
[21:23:14] [Server thread/INFO]: Using default channel type
[21:23:19] [Server thread/INFO]: Set PluginClassLoader as parallel capable
[21:23:19] [Server thread/INFO]: Loading library org.jetbrains.kotlin:kotlin-stdlib-common:1.8.20
[21:23:19] [Server thread/INFO]: Loading library org.jetbrains.kotlin:kotlin-stdlib:1.8.20
[21:23:19] [Server thread/INFO]: Loading library org.jetbrains:annotations:13.0
[21:23:23] [ForkJoinPool.commonPool-worker-13/INFO]: Loading library org.jetbrains.kotlinx:kotlinx-serialization-core-jvm:1.5.0-RC
[21:23:23] [ForkJoinPool.commonPool-worker-13/INFO]: Loading library org.jetbrains.kotlinx:kotlinx-serialization-json-jvm:1.5.0-RC
[21:23:23] [ForkJoinPool.commonPool-worker-9/INFO]: Loading library org.yaml:snakeyaml:1.32
[21:23:23] [ForkJoinPool.commonPool-worker-15/INFO]: Loading library org.apache.commons:commons-jexl3:3.2.1
[21:23:23] [ForkJoinPool.commonPool-worker-15/INFO]: Loading library com.mojang:datafixerupper:4.0.26
[21:23:23] [ForkJoinPool.commonPool-worker-9/INFO]: Loading library com.typesafe:config:1.4.2
[21:23:23] [ForkJoinPool.commonPool-worker-9/INFO]: Loading library com.electronwill.night-config:core:3.6.6
[21:23:23] [ForkJoinPool.commonPool-worker-9/INFO]: Loading library com.electronwill.night-config:toml:3.6.6
[21:23:24] [ForkJoinPool.commonPool-worker-9/INFO]: Loading library com.electronwill.night-config:json:3.6.6
[21:23:24] [ForkJoinPool.commonPool-worker-9/INFO]: Loading library com.electronwill.night-config:hocon:3.6.6
