[11:10:47] Danuk16 (b8a47f4c-108e-33dd-a551-34497268b20f):  gf
[11:11:05] Danuk16 (b8a47f4c-108e-33dd-a551-34497268b20f): $ gf
[11:11:07] Danuk16 (b8a47f4c-108e-33dd-a551-34497268b20f): $ gf
[11:18:16] Danuk16 (b8a47f4c-108e-33dd-a551-34497268b20f): f
[13:18:47] Danuk16 (b8a47f4c-108e-33dd-a551-34497268b20f): йй
[17:07:57] Danuk16 (b8a47f4c-108e-33dd-a551-34497268b20f):  g
[17:08:00] Danuk16 (b8a47f4c-108e-33dd-a551-34497268b20f):  §cg
[17:08:12] Danuk16 (b8a47f4c-108e-33dd-a551-34497268b20f):  §cg
[17:08:13] Danuk16 (b8a47f4c-108e-33dd-a551-34497268b20f):  §cg
[17:10:07] Danuk16 (b8a47f4c-108e-33dd-a551-34497268b20f): §cg
[17:10:11] Danuk16 (b8a47f4c-108e-33dd-a551-34497268b20f): §cg
[17:10:47] Danuk16 (b8a47f4c-108e-33dd-a551-34497268b20f): §cgh
[17:14:32] Danuk16 (b8a47f4c-108e-33dd-a551-34497268b20f): §cj
[17:14:36] Danuk16 (b8a47f4c-108e-33dd-a551-34497268b20f): §cПривет
[17:15:37] Danuk16 (b8a47f4c-108e-33dd-a551-34497268b20f): c
[17:15:47] Danuk16 (b8a47f4c-108e-33dd-a551-34497268b20f): §cg
[17:15:52] Danuk16 (b8a47f4c-108e-33dd-a551-34497268b20f): §cПривет
[17:16:01] Danuk16 (b8a47f4c-108e-33dd-a551-34497268b20f): §cg
[20:02:27] Danuk16 (b8a47f4c-108e-33dd-a551-34497268b20f): @Danuk16
[20:02:29] Danuk16 (b8a47f4c-108e-33dd-a551-34497268b20f): @Danuk16
[20:06:28] Danuk16 (b8a47f4c-108e-33dd-a551-34497268b20f): g
[20:06:30] Danuk16 (b8a47f4c-108e-33dd-a551-34497268b20f): fg
[20:06:33] Danuk16 (b8a47f4c-108e-33dd-a551-34497268b20f): fg
[20:06:41] Danuk16 (b8a47f4c-108e-33dd-a551-34497268b20f): @Danuk16
[20:06:42] Danuk16 (b8a47f4c-108e-33dd-a551-34497268b20f): g
[20:06:44] Danuk16 (b8a47f4c-108e-33dd-a551-34497268b20f): @Danuk16
[20:33:12] Danuk16 (b8a47f4c-108e-33dd-a551-34497268b20f): §cfg]
[20:40:25] Danuk16 (b8a47f4c-108e-33dd-a551-34497268b20f): g
[20:40:27] Danuk16 (b8a47f4c-108e-33dd-a551-34497268b20f): §cg
[20:41:30] Danuk16 (b8a47f4c-108e-33dd-a551-34497268b20f): §cg
[20:41:33] Danuk16 (b8a47f4c-108e-33dd-a551-34497268b20f): cg
[20:41:34] Danuk16 (b8a47f4c-108e-33dd-a551-34497268b20f): §cg
[20:41:38] Danuk16 (b8a47f4c-108e-33dd-a551-34497268b20f): gg §cg
[20:42:12] Danuk16 (b8a47f4c-108e-33dd-a551-34497268b20f): gg §cg
[20:42:13] Danuk16 (b8a47f4c-108e-33dd-a551-34497268b20f): gg §cg
[20:42:14] Danuk16 (b8a47f4c-108e-33dd-a551-34497268b20f): gg §cg
[20:42:15] Danuk16 (b8a47f4c-108e-33dd-a551-34497268b20f): gg §cg
[20:45:28] Danuk16 (b8a47f4c-108e-33dd-a551-34497268b20f): &Cg
[20:45:32] Danuk16 (b8a47f4c-108e-33dd-a551-34497268b20f): &1g
[20:45:37] Danuk16 (b8a47f4c-108e-33dd-a551-34497268b20f): &6g
[20:47:11] Danuk16 (b8a47f4c-108e-33dd-a551-34497268b20f): &cg
[20:47:50] Danuk16 (b8a47f4c-108e-33dd-a551-34497268b20f): &cg
[20:48:24] Danuk16 (b8a47f4c-108e-33dd-a551-34497268b20f): g
[20:48:27] Danuk16 (b8a47f4c-108e-33dd-a551-34497268b20f): g
[20:48:37] Danuk16 (b8a47f4c-108e-33dd-a551-34497268b20f): g
[20:48:39] Danuk16 (b8a47f4c-108e-33dd-a551-34497268b20f): &cg
[20:48:52] Danuk16 (b8a47f4c-108e-33dd-a551-34497268b20f): §cg
[20:48:53] Danuk16 (b8a47f4c-108e-33dd-a551-34497268b20f): §cg
[20:52:21] Danuk16 (b8a47f4c-108e-33dd-a551-34497268b20f): §cg
[20:52:29] Danuk16 (b8a47f4c-108e-33dd-a551-34497268b20f): §cg
[20:52:30] Danuk16 (b8a47f4c-108e-33dd-a551-34497268b20f): §cg
