01.06.2024 - 11:07:36 - [TAB v4.0.3] Something just tried to add player Danuk16 into team collideRule_3766 (expected team: 7Danuk16A)
01.06.2024 - 11:38:08 - [TAB v4.0.3] Something just tried to add player Danuk16 into team collideRule_-315 (expected team: 7Danuk16A)
01.06.2024 - 20:57:52 - [TAB v4.0.3] Something just tried to add player Danuk16 into team collideRule_1295 (expected team: 7Danuk16A)
03.06.2024 - 09:13:08 - [TAB v4.0.3] Something just tried to add player Danuk16 into team collideRule_-119 (expected team: 7Danuk16A)
06.06.2024 - 14:33:58 - [TAB v4.0.3] Something just tried to add player Danuk16 into team collideRule_8552 (expected team: 7Danuk16A)
17.06.2024 - 22:53:15 - [TAB v4.0.3] Something just tried to add player Danuk16 into team collideRule_1342 (expected team: 7Danuk16A)
17.06.2024 - 23:06:59 - [TAB v4.0.3] Something just tried to add player Danuk16 into team collideRule_-194 (expected team: 7Danuk16A)
17.06.2024 - 23:16:59 - [TAB v4.0.3] Something just tried to add player Danuk16 into team collideRule_-157 (expected team: 7Danuk16A)
18.06.2024 - 00:09:53 - [TAB v4.0.3] Something just tried to add player Danuk16 into team collideRule_1409 (expected team: 7Danuk16A)
18.06.2024 - 00:20:25 - [TAB v4.0.3] Something just tried to add player Danuk16 into team collideRule_-990 (expected team: 7Danuk16A)
18.06.2024 - 00:24:08 - [TAB v4.0.3] Something just tried to add player Danuk16 into team collideRule_-190 (expected team: 7Danuk16A)
18.06.2024 - 10:38:12 - [TAB v4.0.3] Something just tried to add player Danuk16 into team collideRule_1775 (expected team: 7Danuk16A)
18.06.2024 - 13:09:42 - [TAB v4.0.3] Something just tried to add player Danuk16 into team collideRule_-782 (expected team: 7Danuk16A)
18.06.2024 - 14:39:18 - [TAB v4.0.3] Something just tried to add player Danuk16 into team collideRule_1247 (expected team: 7Danuk16A)
19.06.2024 - 17:37:43 - [TAB v4.0.3] Something just tried to add player Danuk16 into team collideRule_4232 (expected team: 7Danuk16A)
19.06.2024 - 20:47:17 - [TAB v4.0.3] Something just tried to add player Danuk16 into team collideRule_-196 (expected team: 7Danuk16A)
19.06.2024 - 21:47:36 - [TAB v4.0.3] Something just tried to add player Danuk16 into team collideRule_-204 (expected team: 7Danuk16A)
20.06.2024 - 17:34:01 - [TAB v4.0.3] Something just tried to add player Danuk16 into team collideRule_-268 (expected team: 7Danuk16A)
20.06.2024 - 18:08:46 - [TAB v4.0.3] Something just tried to add player Danuk16 into team collideRule_-110 (expected team: 7Danuk16A)
20.06.2024 - 18:14:41 - [TAB v4.0.3] Something just tried to add player FlaimerPro into team collideRule_-110 (expected team: 7FlaimerProA)
20.06.2024 - 20:55:38 - [TAB v4.0.3] Something just tried to add player FlaimerPro into team collideRule_-211 (expected team: 7FlaimerProA)
20.06.2024 - 20:55:47 - [TAB v4.0.3] Something just tried to add player Danuk16 into team collideRule_-211 (expected team: 7Danuk16A)
20.06.2024 - 21:26:01 - [TAB v4.0.3] Something just tried to add player Danuk16 into team collideRule_-473 (expected team: 7Danuk16A)
20.06.2024 - 23:02:24 - [TAB v4.0.3] Something just tried to add player FlaimerPro into team collideRule_-755 (expected team: 7FlaimerProA)
20.06.2024 - 23:11:16 - [TAB v4.0.3] Something just tried to add player FlaimerPro into team collideRule_1915 (expected team: 7FlaimerProA)
20.06.2024 - 23:22:30 - [TAB v4.0.3] Something just tried to add player FlaimerPro into team collideRule_1513 (expected team: 7FlaimerProA)
20.06.2024 - 23:23:00 - [TAB v4.0.3] Something just tried to add player Danuk16 into team collideRule_1513 (expected team: 7Danuk16A)
20.06.2024 - 23:29:02 - [TAB v4.0.3] Something just tried to add player Danuk16 into team collideRule_1169 (expected team: 7Danuk16A)
20.06.2024 - 23:29:10 - [TAB v4.0.3] Something just tried to add player FlaimerPro into team collideRule_1169 (expected team: 7FlaimerProA)
21.06.2024 - 00:18:07 - [TAB v4.0.3] Something just tried to add player FlaimerPro into team collideRule_1204 (expected team: 7FlaimerProA)
21.06.2024 - 00:18:18 - [TAB v4.0.3] Something just tried to add player Danuk16 into team collideRule_1204 (expected team: 7Danuk16A)
21.06.2024 - 15:14:00 - [TAB v4.0.3] Something just tried to add player Danuk16 into team collideRule_9045 (expected team: 7Danuk16A)
21.06.2024 - 15:17:48 - [TAB v4.0.3] Something just tried to add player FlaimerPro into team collideRule_9045 (expected team: 7FlaimerProA)
21.06.2024 - 16:33:17 - [TAB v4.0.3] Something just tried to add player Danuk16 into team collideRule_-954 (expected team: 7Danuk16A)
21.06.2024 - 21:52:14 - [TAB v4.0.3] Something just tried to add player FlaimerPro into team collideRule_1539 (expected team: 7FlaimerProA)
21.06.2024 - 21:52:36 - [TAB v4.0.3] Something just tried to add player Danuk16 into team collideRule_1539 (expected team: 7Danuk16A)
22.06.2024 - 21:39:44 - [TAB v4.0.3] Something just tried to add player Danuk16 into team collideRule_-249 (expected team: 7Danuk16A)
23.06.2024 - 12:34:25 - [TAB v4.0.3] Something just tried to add player Danuk16 into team collideRule_2755 (expected team: 7Danuk16A)
23.06.2024 - 13:09:35 - [TAB v4.0.3] Something just tried to add player Danuk16 into team collideRule_4371 (expected team: 7Danuk16A)
23.06.2024 - 13:28:28 - [TAB v4.0.3] Something just tried to add player FlaimerPro into team collideRule_4371 (expected team: 7FlaimerProA)
23.06.2024 - 13:52:04 - [TAB v4.0.3] Something just tried to add player Danuk16 into team collideRule_-290 (expected team: 7Danuk16A)
23.06.2024 - 13:52:13 - [TAB v4.0.3] Something just tried to add player FlaimerPro into team collideRule_-290 (expected team: 7FlaimerProA)
23.06.2024 - 14:20:55 - [TAB v4.0.3] Something just tried to add player Danuk16 into team collideRule_-167 (expected team: 7Danuk16A)
23.06.2024 - 14:31:25 - [TAB v4.0.3] Something just tried to add player FlaimerPro into team collideRule_-167 (expected team: 7FlaimerProA)
23.06.2024 - 15:28:50 - [TAB v4.0.3] Something just tried to add player Danuk16 into team collideRule_1319 (expected team: 7Danuk16A)
23.06.2024 - 15:29:05 - [TAB v4.0.3] Something just tried to add player FlaimerPro into team collideRule_1319 (expected team: 7FlaimerProA)
23.06.2024 - 15:37:42 - [TAB v4.0.3] Something just tried to add player Danuk16 into team collideRule_9757 (expected team: 7Danuk16A)
23.06.2024 - 15:37:47 - [TAB v4.0.3] Something just tried to add player FlaimerPro into team collideRule_9757 (expected team: 7FlaimerProA)
23.06.2024 - 17:50:40 - [TAB v4.0.3] Something just tried to add player FlaimerPro into team collideRule_6377 (expected team: 7FlaimerProA)
23.06.2024 - 17:54:28 - [TAB v4.0.3] Something just tried to add player Danuk16 into team collideRule_1246 (expected team: 7Danuk16A)
23.06.2024 - 17:54:50 - [TAB v4.0.3] Something just tried to add player FlaimerPro into team collideRule_1246 (expected team: 7FlaimerProA)
24.06.2024 - 02:26:05 - [TAB v4.0.3] Something just tried to add player Danuk16 into team collideRule_4231 (expected team: 7Danuk16A)
24.06.2024 - 02:32:21 - [TAB v4.0.3] Something just tried to add player Danuk16 into team collideRule_1249 (expected team: 7Danuk16A)
24.06.2024 - 12:18:35 - [TAB v4.0.3] Something just tried to add player Danuk16 into team collideRule_-135 (expected team: 7Danuk16A)
24.06.2024 - 17:16:56 - [TAB v4.0.3] Something just tried to add player FlaimerPro into team collideRule_-214 (expected team: 7FlaimerProA)
24.06.2024 - 17:18:54 - [TAB v4.0.3] Something just tried to add player Danuk16 into team collideRule_-214 (expected team: 7Danuk16A)
24.06.2024 - 17:30:01 - [TAB v4.0.3] Something just tried to add player Danuk16 into team collideRule_1264 (expected team: 7Danuk16A)
24.06.2024 - 22:03:15 - [TAB v4.0.3] Something just tried to add player Danuk16 into team collideRule_1437 (expected team: 7Danuk16A)
24.06.2024 - 22:27:10 - [TAB v4.0.3] Something just tried to add player FlaimerPro into team collideRule_1437 (expected team: 7FlaimerProA)
24.06.2024 - 23:45:46 - [TAB v4.0.3] Something just tried to add player Danuk16 into team collideRule_1083 (expected team: 7Danuk16A)
25.06.2024 - 11:14:59 - [TAB v4.0.3] Something just tried to add player Danuk16 into team collideRule_-518 (expected team: 7Danuk16A)
25.06.2024 - 11:22:01 - [TAB v4.0.3] Something just tried to add player Danuk16 into team collideRule_2078 (expected team: 7Danuk16A)
25.06.2024 - 12:42:29 - [TAB v4.0.3] Something just tried to add player Danuk16 into team collideRule_4436 (expected team: 7Danuk16A)
27.06.2024 - 13:12:30 - [TAB v4.0.3] Something just tried to add player Danuk16 into team collideRule_-741 (expected team: 7Danuk16A)
27.06.2024 - 15:30:25 - [TAB v4.0.3] Something just tried to add player Danuk16 into team collideRule_1974 (expected team: 7Danuk16A)
27.06.2024 - 18:55:38 - [TAB v4.0.3] Something just tried to add player Danuk16 into team collideRule_2092 (expected team: 7Danuk16A)
27.06.2024 - 21:47:47 - [TAB v4.0.3] Something just tried to add player Danuk16 into team collideRule_-408 (expected team: 7Danuk16A)
29.06.2024 - 00:56:06 - [TAB v4.0.3] Something just tried to add player Danuk16 into team collideRule_-201 (expected team: 7Danuk16A)
29.06.2024 - 01:00:37 - [TAB v4.0.3] Something just tried to add player Danuk16 into team collideRule_1653 (expected team: 7Danuk16A)
29.06.2024 - 01:14:59 - [TAB v4.0.3] Something just tried to add player Danuk16 into team collideRule_5105 (expected team: 7Danuk16A)
29.06.2024 - 01:17:21 - [TAB v4.0.3] Something just tried to add player Danuk16 into team collideRule_-212 (expected team: 7Danuk16A)
29.06.2024 - 01:19:29 - [TAB v4.0.3] Something just tried to add player Danuk16 into team collideRule_2002 (expected team: 7Danuk16A)
29.06.2024 - 10:12:06 - [TAB v4.0.3] Something just tried to add player Danuk16 into team collideRule_7827 (expected team: 7Danuk16A)
29.06.2024 - 10:39:02 - [TAB v4.0.3] Something just tried to add player Danuk16 into team collideRule_4647 (expected team: 7Danuk16A)
29.06.2024 - 10:45:02 - [TAB v4.0.3] Something just tried to add player Danuk16 into team collideRule_2130 (expected team: 7Danuk16A)
29.06.2024 - 10:47:29 - [TAB v4.0.3] Something just tried to add player Danuk16 into team collideRule_1438 (expected team: 7Danuk16A)
29.06.2024 - 11:29:24 - [TAB v4.0.3] Something just tried to add player Danuk16 into team collideRule_1233 (expected team: 7Danuk16A)
29.06.2024 - 11:31:41 - [TAB v4.0.3] Something just tried to add player Danuk16 into team collideRule_-829 (expected team: 7Danuk16A)
29.06.2024 - 11:33:41 - [TAB v4.0.3] Something just tried to add player Danuk16 into team collideRule_5495 (expected team: 7Danuk16A)
29.06.2024 - 11:39:58 - [TAB v4.0.3] Something just tried to add player Danuk16 into team collideRule_-774 (expected team: 7Danuk16A)
29.06.2024 - 11:42:40 - [TAB v4.0.3] Something just tried to add player Danuk16 into team collideRule_-312 (expected team: 7Danuk16A)
29.06.2024 - 12:10:16 - [TAB v4.0.3] Something just tried to add player Danuk16 into team collideRule_1567 (expected team: 7Danuk16A)
29.06.2024 - 12:15:15 - [TAB v4.0.3] Something just tried to add player Danuk16 into team collideRule_8050 (expected team: 7Danuk16A)
29.06.2024 - 13:28:14 - [TAB v4.0.3] Something just tried to add player Danuk16 into team collideRule_-639 (expected team: 7Danuk16A)
29.06.2024 - 13:59:50 - [TAB v4.0.3] Something just tried to add player Danuk16 into team collideRule_1582 (expected team: 7Danuk16A)
29.06.2024 - 14:16:52 - [TAB v4.0.3] Something just tried to add player Danuk16 into team collideRule_-680 (expected team: 7Danuk16A)
29.06.2024 - 15:07:46 - [TAB v4.0.3] Something just tried to add player Danuk16 into team collideRule_-117 (expected team: 7Danuk16A)
29.06.2024 - 15:26:47 - [TAB v4.0.3] Something just tried to add player Danuk16 into team collideRule_-368 (expected team: 7Danuk16A)
29.06.2024 - 15:29:36 - [TAB v4.0.3] Something just tried to add player Danuk16 into team collideRule_-208 (expected team: 7Danuk16A)
01.07.2024 - 12:14:44 - [TAB v4.0.3] Something just tried to add player Danuk16 into team collideRule_-286 (expected team: 7Danuk16A)
01.07.2024 - 12:31:07 - [TAB v4.0.3] Something just tried to add player Danuk16 into team collideRule_1111 (expected team: 7Danuk16A)
01.07.2024 - 12:38:05 - [TAB v4.0.3] Something just tried to add player Danuk16 into team collideRule_9571 (expected team: 7Danuk16A)
01.07.2024 - 12:43:35 - [TAB v4.0.3] Something just tried to add player Danuk16 into team collideRule_-410 (expected team: 7Danuk16A)
01.07.2024 - 12:45:11 - [TAB v4.0.3] Something just tried to add player Danuk16 into team collideRule_5440 (expected team: 7Danuk16A)
01.07.2024 - 12:49:16 - [TAB v4.0.3] Something just tried to add player Danuk16 into team collideRule_8950 (expected team: 7Danuk16A)
01.07.2024 - 12:50:52 - [TAB v4.0.3] Something just tried to add player Danuk16 into team collideRule_5137 (expected team: 7Danuk16A)
01.07.2024 - 12:54:27 - [TAB v4.0.3] Something just tried to add player Danuk16 into team collideRule_-140 (expected team: 7Danuk16A)
01.07.2024 - 12:58:33 - [TAB v4.0.3] Something just tried to add player Danuk16 into team collideRule_9005 (expected team: 7Danuk16A)
01.07.2024 - 13:00:53 - [TAB v4.0.3] Something just tried to add player Danuk16 into team collideRule_-193 (expected team: 7Danuk16A)
01.07.2024 - 13:02:59 - [TAB v4.0.3] Something just tried to add player Danuk16 into team collideRule_3217 (expected team: 7Danuk16A)
01.07.2024 - 13:04:33 - [TAB v4.0.3] Something just tried to add player Danuk16 into team collideRule_2479 (expected team: 7Danuk16A)
01.07.2024 - 13:07:32 - [TAB v4.0.3] Something just tried to add player Danuk16 into team collideRule_-757 (expected team: 7Danuk16A)
01.07.2024 - 13:23:26 - [TAB v4.0.3] Something just tried to add player Danuk16 into team collideRule_6846 (expected team: 7Danuk16A)
01.07.2024 - 13:28:14 - [TAB v4.0.3] Something just tried to add player Danuk16 into team collideRule_-193 (expected team: 7Danuk16A)
01.07.2024 - 13:38:52 - [TAB v4.0.3] Something just tried to add player Danuk16 into team collideRule_1597 (expected team: 7Danuk16A)
01.07.2024 - 13:42:34 - [TAB v4.0.3] Something just tried to add player Danuk16 into team collideRule_-139 (expected team: 7Danuk16A)
01.07.2024 - 14:30:58 - [TAB v4.0.3] Something just tried to add player Danuk16 into team collideRule_3864 (expected team: 7Danuk16A)
01.07.2024 - 14:33:52 - [TAB v4.0.3] Something just tried to add player Danuk16 into team collideRule_1082 (expected team: 7Danuk16A)
01.07.2024 - 15:16:44 - [TAB v4.0.3] Something just tried to add player Danuk16 into team collideRule_6692 (expected team: 7Danuk16A)
03.07.2024 - 16:13:18 - [TAB v4.0.3] Something just tried to add player Danuk16 into team collideRule_-121 (expected team: 7Danuk16A)
03.07.2024 - 16:20:07 - [TAB v4.0.3] Something just tried to add player Danuk16 into team collideRule_2554 (expected team: 7Danuk16A)
14.07.2024 - 14:36:40 - [TAB v4.0.3] Something just tried to add player FlaimerPro into team collideRule_1850 (expected team: 7FlaimerProA)
14.07.2024 - 14:39:15 - [TAB v4.0.3] Something just tried to add player FlaimerPro into team collideRule_1185 (expected team: 7FlaimerProA)
14.07.2024 - 14:44:34 - [TAB v4.0.3] Something just tried to add player FlaimerPro into team collideRule_1500 (expected team: 7FlaimerProA)
14.07.2024 - 14:49:22 - [TAB v4.0.3] Something just tried to add player FlaimerPro into team collideRule_-464 (expected team: 7FlaimerProA)
14.07.2024 - 14:56:47 - [TAB v4.0.3] Something just tried to add player FlaimerPro into team collideRule_4538 (expected team: 7FlaimerProA)
14.07.2024 - 15:00:02 - [TAB v4.0.3] Something just tried to add player FlaimerPro into team collideRule_-305 (expected team: 7FlaimerProA)
14.07.2024 - 15:02:49 - [TAB v4.0.3] Something just tried to add player FlaimerPro into team collideRule_-133 (expected team: 7FlaimerProA)
14.07.2024 - 15:04:08 - [TAB v4.0.3] Something just tried to add player FlaimerPro into team collideRule_2739 (expected team: 7FlaimerProA)
14.07.2024 - 15:06:26 - [TAB v4.0.3] Something just tried to add player FlaimerPro into team collideRule_1728 (expected team: 7FlaimerProA)
14.07.2024 - 15:12:51 - [TAB v4.0.3] Something just tried to add player FlaimerPro into team collideRule_2380 (expected team: 7FlaimerProA)
14.07.2024 - 15:14:19 - [TAB v4.0.3] Something just tried to add player FlaimerPro into team collideRule_-167 (expected team: 7FlaimerProA)
14.07.2024 - 15:17:45 - [TAB v4.0.3] Something just tried to add player FlaimerPro into team collideRule_1439 (expected team: 7FlaimerProA)
14.07.2024 - 15:21:14 - [TAB v4.0.3] Something just tried to add player FlaimerPro into team collideRule_-933 (expected team: 7FlaimerProA)
14.07.2024 - 18:13:37 - [TAB v4.0.3] Something just tried to add player FlaimerPro into team collideRule_1304 (expected team: 7FlaimerProA)
14.07.2024 - 22:29:13 - [TAB v4.0.3] Something just tried to add player FlaimerPro into team collideRule_-171 (expected team: 7FlaimerProA)
18.07.2024 - 16:25:30 - [TAB v4.0.3] Something just tried to add player Danuk16 into team collideRule_1802 (expected team: 7Danuk16A)
18.07.2024 - 17:03:49 - [TAB v4.0.3] Something just tried to add player FlaimerPro into team collideRule_1802 (expected team: 7FlaimerProA)
19.07.2024 - 12:54:06 - [TAB v4.0.3] Something just tried to add player FlaimerPro into team collideRule_-837 (expected team: 7FlaimerProA)
19.07.2024 - 13:02:12 - [TAB v4.0.3] Something just tried to add player FlaimerPro into team collideRule_-618 (expected team: 7FlaimerProA)
19.07.2024 - 14:06:33 - [TAB v4.0.3] Something just tried to add player FlaimerPro into team collideRule_1519 (expected team: 7FlaimerProA)
19.07.2024 - 14:36:04 - [TAB v4.0.3] Something just tried to add player FlaimerPro into team collideRule_1880 (expected team: 7FlaimerProA)
19.07.2024 - 14:37:57 - [TAB v4.0.3] Something just tried to add player FlaimerPro into team collideRule_2037 (expected team: 7FlaimerProA)
19.07.2024 - 14:44:23 - [TAB v4.0.3] Something just tried to add player FlaimerPro into team collideRule_4798 (expected team: 7FlaimerProA)
19.07.2024 - 14:46:18 - [TAB v4.0.3] Something just tried to add player FlaimerPro into team collideRule_7316 (expected team: 7FlaimerProA)
19.07.2024 - 14:47:55 - [TAB v4.0.3] Something just tried to add player FlaimerPro into team collideRule_1995 (expected team: 7FlaimerProA)
19.07.2024 - 15:33:05 - [TAB v4.0.3] Something just tried to add player FlaimerPro into team collideRule_-627 (expected team: 7FlaimerProA)
19.07.2024 - 21:03:19 - [TAB v4.0.3] Something just tried to add player FlaimerPro into team collideRule_2494 (expected team: 7FlaimerProA)
20.07.2024 - 11:43:10 - [TAB v4.0.3] Something just tried to add player FlaimerPro into team collideRule_-205 (expected team: 1FlaimerProA)
20.07.2024 - 16:01:39 - [TAB v4.0.3] Something just tried to add player FlaimerPro into team collideRule_1480 (expected team: 1FlaimerProA)
20.07.2024 - 20:01:36 - [TAB v4.0.3] Something just tried to add player FlaimerPro into team collideRule_1653 (expected team: 1FlaimerProA)
20.07.2024 - 20:09:08 - [TAB v4.0.3] Something just tried to add player FlaimerPro into team collideRule_-121 (expected team: 1FlaimerProA)
20.07.2024 - 20:37:56 - [TAB v4.0.3] Something just tried to add player FlaimerPro into team collideRule_-361 (expected team: 1FlaimerProA)
21.07.2024 - 13:35:38 - [TAB v4.0.3] Something just tried to add player FlaimerPro into team collideRule_-955 (expected team: 1FlaimerProA)
21.07.2024 - 20:56:43 - [TAB v4.0.3] Something just tried to add player FlaimerPro into team collideRule_3942 (expected team: 1FlaimerProA)
22.07.2024 - 12:20:43 - [TAB v4.0.3] Something just tried to add player Danuk16 into team collideRule_4713 (expected team: 7Danuk16A)
22.07.2024 - 12:45:31 - [TAB v4.0.3] Something just tried to add player Danuk16 into team collideRule_2012 (expected team: 7Danuk16A)
22.07.2024 - 19:29:54 - [TAB v4.0.3] Something just tried to add player FlaimerPro into team collideRule_1326 (expected team: 1FlaimerProA)
22.07.2024 - 19:32:43 - [TAB v4.0.3] Something just tried to add player FlaimerPro into team collideRule_3137 (expected team: 1FlaimerProA)
22.07.2024 - 19:45:05 - [TAB v4.0.3] Something just tried to add player FlaimerPro into team collideRule_-148 (expected team: 1FlaimerProA)
22.07.2024 - 19:48:37 - [TAB v4.0.3] Something just tried to add player FlaimerPro into team collideRule_2002 (expected team: 1FlaimerProA)
22.07.2024 - 21:38:04 - [TAB v4.0.3] Something just tried to add player FlaimerPro into team collideRule_-157 (expected team: 1FlaimerProA)
23.07.2024 - 09:16:01 - [TAB v4.0.3] Something just tried to add player FlaimerPro into team collideRule_4046 (expected team: 1FlaimerProA)
23.07.2024 - 09:31:29 - [TAB v4.0.3] Something just tried to add player FlaimerPro into team collideRule_2463 (expected team: 1FlaimerProA)
23.07.2024 - 09:35:23 - [TAB v4.0.3] Something just tried to add player FlaimerPro into team collideRule_1530 (expected team: 1FlaimerProA)
23.07.2024 - 09:44:27 - [TAB v4.0.3] Something just tried to add player FlaimerPro into team collideRule_-289 (expected team: 1FlaimerProA)
24.07.2024 - 11:08:42 - [TAB v4.0.3] Something just tried to add player FlaimerPro into team collideRule_1767 (expected team: 1FlaimerProA)
24.07.2024 - 11:12:38 - [TAB v4.0.3] Something just tried to add player FlaimerPro into team collideRule_1522 (expected team: 1FlaimerProA)
24.07.2024 - 13:46:35 - [TAB v4.0.3] Something just tried to add player Danuk16 into team collideRule_1522 (expected team: 7Danuk16A)
24.07.2024 - 15:00:46 - [TAB v4.0.3] Something just tried to add player FlaimerPro into team collideRule_1522 (expected team: 7FlaimerProA)
24.07.2024 - 16:19:38 - [TAB v4.0.3] Something just tried to add player FlaimerPro into team collideRule_9431 (expected team: 7FlaimerProA)
24.07.2024 - 16:26:10 - [TAB v4.0.3] Something just tried to add player FlaimerPro into team collideRule_-155 (expected team: 7FlaimerProA)
24.07.2024 - 16:49:25 - [TAB v4.0.3] Something just tried to add player FlaimerPro into team collideRule_8051 (expected team: 7FlaimerProA)
24.07.2024 - 16:53:44 - [TAB v4.0.3] Something just tried to add player FlaimerPro into team collideRule_-808 (expected team: 7FlaimerProA)
24.07.2024 - 17:11:59 - [TAB v4.0.3] Something just tried to add player FlaimerPro into team collideRule_-588 (expected team: 7FlaimerProA)
24.07.2024 - 17:46:46 - [TAB v4.0.3] Something just tried to add player FlaimerPro into team collideRule_-151 (expected team: 7FlaimerProA)
24.07.2024 - 19:32:25 - [TAB v4.0.3] Something just tried to add player FlaimerPro into team collideRule_1216 (expected team: 7FlaimerProA)
24.07.2024 - 19:45:15 - [TAB v4.0.3] Something just tried to add player FlaimerPro into team collideRule_-107 (expected team: 7FlaimerProA)
24.07.2024 - 19:55:15 - [TAB v4.0.3] Something just tried to add player FlaimerPro into team collideRule_1152 (expected team: 7FlaimerProA)
24.07.2024 - 20:42:00 - [TAB v4.0.3] Something just tried to add player FlaimerPro into team collideRule_4475 (expected team: 7FlaimerProA)
24.07.2024 - 21:17:22 - [TAB v4.0.3] Something just tried to add player Danuk16 into team collideRule_4475 (expected team: 7Danuk16A)
24.07.2024 - 21:58:07 - [TAB v4.0.3] Something just tried to add player FlaimerPro into team collideRule_1918 (expected team: 7FlaimerProA)
24.07.2024 - 22:07:57 - [TAB v4.0.3] Something just tried to add player Danuk16 into team collideRule_1662 (expected team: 7Danuk16A)
24.07.2024 - 22:59:38 - [TAB v4.0.3] Something just tried to add player FlaimerPro into team collideRule_1901 (expected team: 7FlaimerProA)
24.07.2024 - 23:21:47 - [TAB v4.0.3] Something just tried to add player FlaimerPro into team collideRule_1100 (expected team: 7FlaimerProA)
24.07.2024 - 23:23:09 - [TAB v4.0.3] Something just tried to add player Danuk16 into team collideRule_1100 (expected team: 7Danuk16A)
25.07.2024 - 09:38:35 - [TAB v4.0.3] Something just tried to add player Danuk16 into team collideRule_-771 (expected team: 7Danuk16A)
25.07.2024 - 10:33:23 - [TAB v4.0.3] Something just tried to add player FlaimerPro into team collideRule_-144 (expected team: 7FlaimerProA)
25.07.2024 - 13:00:52 - [TAB v4.0.3] Something just tried to add player FlaimerPro into team collideRule_-248 (expected team: 7FlaimerProA)
25.07.2024 - 14:39:22 - [TAB v4.0.3] Something just tried to add player Danuk16 into team collideRule_-193 (expected team: 7Danuk16A)
25.07.2024 - 19:20:09 - [TAB v4.0.3] Something just tried to add player FlaimerPro into team collideRule_-193 (expected team: 7FlaimerProA)
25.07.2024 - 21:15:28 - [TAB v4.0.3] Something just tried to add player FlaimerPro into team collideRule_-167 (expected team: 7FlaimerProA)
25.07.2024 - 22:51:41 - [TAB v4.0.3] Something just tried to add player FlaimerPro into team collideRule_-389 (expected team: 7FlaimerProA)
25.07.2024 - 23:10:23 - [TAB v4.0.3] Something just tried to add player FlaimerPro into team collideRule_1414 (expected team: 7FlaimerProA)
26.07.2024 - 15:22:54 - [TAB v4.0.3] Something just tried to add player FlaimerPro into team collideRule_9619 (expected team: 7FlaimerProA)
26.07.2024 - 15:28:55 - [TAB v4.0.3] Something just tried to add player FlaimerPro into team collideRule_-155 (expected team: 7FlaimerProA)
26.07.2024 - 15:49:40 - [TAB v4.0.3] Something just tried to add player FlaimerPro into team collideRule_-116 (expected team: 7FlaimerProA)
26.07.2024 - 16:01:25 - [TAB v4.0.3] Something just tried to add player FlaimerPro into team collideRule_1529 (expected team: 7FlaimerProA)
26.07.2024 - 16:04:29 - [TAB v4.0.3] Something just tried to add player FlaimerPro into team collideRule_5297 (expected team: 7FlaimerProA)
26.07.2024 - 16:07:22 - [TAB v4.0.3] Something just tried to add player FlaimerPro into team collideRule_4801 (expected team: 7FlaimerProA)
26.07.2024 - 16:08:58 - [TAB v4.0.3] Something just tried to add player FlaimerPro into team collideRule_1561 (expected team: 7FlaimerProA)
26.07.2024 - 18:02:38 - [TAB v4.0.3] Something just tried to add player FlaimerPro into team collideRule_-208 (expected team: 7FlaimerProA)
26.07.2024 - 18:54:46 - [TAB v4.0.3] Something just tried to add player FlaimerPro into team collideRule_7004 (expected team: 7FlaimerProA)
26.07.2024 - 18:58:03 - [TAB v4.0.3] Something just tried to add player FlaimerPro into team collideRule_-436 (expected team: 7FlaimerProA)
26.07.2024 - 19:00:48 - [TAB v4.0.3] Something just tried to add player FlaimerPro into team collideRule_-176 (expected team: 7FlaimerProA)
26.07.2024 - 19:07:53 - [TAB v4.0.3] Something just tried to add player FlaimerPro into team collideRule_-704 (expected team: 7FlaimerProA)
26.07.2024 - 19:28:47 - [TAB v4.0.3] Something just tried to add player FlaimerPro into team collideRule_5266 (expected team: 7FlaimerProA)
26.07.2024 - 19:33:21 - [TAB v4.0.3] Something just tried to add player FlaimerPro into team collideRule_-199 (expected team: 7FlaimerProA)
26.07.2024 - 21:56:27 - [TAB v4.0.3] Something just tried to add player Danuk16 into team collideRule_1351 (expected team: 7Danuk16A)
26.07.2024 - 22:13:27 - [TAB v4.0.3] Something just tried to add player Danuk16 into team collideRule_-351 (expected team: 7Danuk16A)
26.07.2024 - 22:34:16 - [TAB v4.0.3] Something just tried to add player Danuk16 into team collideRule_1242 (expected team: 7Danuk16A)
26.07.2024 - 22:39:48 - [TAB v4.0.3] Something just tried to add player FlaimerPro into team collideRule_-974 (expected team: 7FlaimerProA)
02.08.2024 - 21:41:19 - [TAB v4.0.3] Something just tried to add player FlaimerPro into team CMINP1 (expected team: 7FlaimerProA)
02.08.2024 - 21:41:19 - [TAB v4.0.3] Something just tried to add player FlaimerPro into team OCM-0 (expected team: 7FlaimerProA)
02.08.2024 - 21:41:19 - [TAB v4.0.3] Something just tried to add player FlaimerPro into team CMINP1 (expected team: 7FlaimerProA)
02.08.2024 - 21:49:42 - [TAB v4.0.3] Something just tried to add player FlaimerPro into team CMINP1 (expected team: 7FlaimerProA)
02.08.2024 - 21:49:42 - [TAB v4.0.3] Something just tried to add player FlaimerPro into team OCM-0 (expected team: 7FlaimerProA)
02.08.2024 - 21:49:42 - [TAB v4.0.3] Something just tried to add player FlaimerPro into team CMINP1 (expected team: 7FlaimerProA)
02.08.2024 - 21:51:05 - [TAB v4.0.3] Something just tried to add player Danuk16 into team OCM-1 (expected team: 3Danuk16A)
02.08.2024 - 21:51:05 - [TAB v4.0.3] Something just tried to add player Danuk16 into team CMINP4 (expected team: 3Danuk16A)
04.08.2024 - 14:21:23 - [TAB v4.0.3] Something just tried to add player Danuk16 into team CMINP4 (expected team: 3Danuk16A)
04.08.2024 - 14:21:23 - [TAB v4.0.3] Something just tried to add player Danuk16 into team OCM-0 (expected team: 3Danuk16A)
04.08.2024 - 14:21:23 - [TAB v4.0.3] Something just tried to add player Danuk16 into team CMINP4 (expected team: 3Danuk16A)
04.08.2024 - 14:32:44 - [TAB v4.0.3] Something just tried to add player Danuk16 into team OCM-1 (expected team: 3Danuk16A)
04.08.2024 - 14:32:44 - [TAB v4.0.3] Something just tried to add player Danuk16 into team CMINP4 (expected team: 3Danuk16A)
04.08.2024 - 15:03:47 - [TAB v4.0.3] Something just tried to add player Danuk16 into team OCM-0 (expected team: 3Danuk16A)
04.08.2024 - 15:03:47 - [TAB v4.0.3] Something just tried to add player Danuk16 into team CMINP6 (expected team: 3Danuk16A)
04.08.2024 - 15:29:00 - [TAB v4.0.3] Something just tried to add player Danuk16 into team OCM-0 (expected team: 3Danuk16A)
04.08.2024 - 15:29:00 - [TAB v4.0.3] Something just tried to add player Danuk16 into team CMINP6 (expected team: 3Danuk16A)
04.08.2024 - 16:38:50 - [TAB v4.0.3] Something just tried to add player FlaimerPro into team CMINP66 (expected team: 7FlaimerProA)
04.08.2024 - 16:38:51 - [TAB v4.0.3] Something just tried to add player FlaimerPro into team OCM-1 (expected team: 7FlaimerProA)
04.08.2024 - 16:38:51 - [TAB v4.0.3] Something just tried to add player FlaimerPro into team CMINP66 (expected team: 7FlaimerProA)
04.08.2024 - 16:40:51 - [TAB v4.0.3] Something just tried to add player FlaimerPro into team CMINP66 (expected team: 7FlaimerProA)
04.08.2024 - 16:40:51 - [TAB v4.0.3] Something just tried to add player FlaimerPro into team OCM-0 (expected team: 7FlaimerProA)
04.08.2024 - 16:40:51 - [TAB v4.0.3] Something just tried to add player FlaimerPro into team CMINP66 (expected team: 7FlaimerProA)
04.08.2024 - 16:59:59 - [TAB v4.0.3] Something just tried to add player FlaimerPro into team OCM-1 (expected team: 7FlaimerProA)
04.08.2024 - 16:59:59 - [TAB v4.0.3] Something just tried to add player FlaimerPro into team CMINP66 (expected team: 7FlaimerProA)
04.08.2024 - 17:02:40 - [TAB v4.0.3] Something just tried to add player FlaimerPro into team OCM-3 (expected team: 7FlaimerProA)
04.08.2024 - 17:02:40 - [TAB v4.0.3] Something just tried to add player FlaimerPro into team CMINP66 (expected team: 7FlaimerProA)
04.08.2024 - 17:02:53 - [TAB v4.0.3] Something just tried to add player FlaimerPro into team OCM-4 (expected team: 7FlaimerProA)
04.08.2024 - 17:02:53 - [TAB v4.0.3] Something just tried to add player FlaimerPro into team CMINP66 (expected team: 7FlaimerProA)
04.08.2024 - 17:03:08 - [TAB v4.0.3] Something just tried to add player FlaimerPro into team OCM-5 (expected team: 7FlaimerProA)
04.08.2024 - 17:03:08 - [TAB v4.0.3] Something just tried to add player FlaimerPro into team CMINP66 (expected team: 7FlaimerProA)
04.08.2024 - 17:08:52 - [TAB v4.0.3] Something just tried to add player FlaimerPro into team OCM-0 (expected team: 7FlaimerProA)
04.08.2024 - 17:08:52 - [TAB v4.0.3] Something just tried to add player FlaimerPro into team CMINP66 (expected team: 7FlaimerProA)
04.08.2024 - 17:10:28 - [TAB v4.0.3] Something just tried to add player FlaimerPro into team OCM-0 (expected team: 7FlaimerProA)
04.08.2024 - 17:10:28 - [TAB v4.0.3] Something just tried to add player FlaimerPro into team CMINP66 (expected team: 7FlaimerProA)
04.08.2024 - 17:22:03 - [TAB v4.0.3] Something just tried to add player FlaimerPro into team OCM-0 (expected team: 7FlaimerProA)
04.08.2024 - 17:22:03 - [TAB v4.0.3] Something just tried to add player FlaimerPro into team CMINP66 (expected team: 7FlaimerProA)
04.08.2024 - 17:24:43 - [TAB v4.0.3] Something just tried to add player FlaimerPro into team OCM-0 (expected team: 7FlaimerProA)
04.08.2024 - 17:24:43 - [TAB v4.0.3] Something just tried to add player FlaimerPro into team CMINP66 (expected team: 7FlaimerProA)
04.08.2024 - 18:35:19 - [TAB v4.0.3] Something just tried to add player Danuk16 into team CMINP6 (expected team: 3Danuk16A)
04.08.2024 - 18:35:19 - [TAB v4.0.3] Something just tried to add player Danuk16 into team OCM-1 (expected team: 3Danuk16A)
04.08.2024 - 18:35:19 - [TAB v4.0.3] Something just tried to add player Danuk16 into team CMINP6 (expected team: 3Danuk16A)
04.08.2024 - 18:35:37 - [TAB v4.0.3] Something just tried to add player Danuk16 into team OCM-2 (expected team: 3Danuk16A)
04.08.2024 - 18:35:37 - [TAB v4.0.3] Something just tried to add player Danuk16 into team CMINP6 (expected team: 3Danuk16A)
04.08.2024 - 18:44:44 - [TAB v4.0.3] Something just tried to add player Danuk16 into team CMINP6 (expected team: 3Danuk16A)
04.08.2024 - 18:44:44 - [TAB v4.0.3] Something just tried to add player Danuk16 into team OCM-0 (expected team: 3Danuk16A)
04.08.2024 - 18:44:44 - [TAB v4.0.3] Something just tried to add player Danuk16 into team CMINP6 (expected team: 3Danuk16A)
04.08.2024 - 18:57:02 - [TAB v4.0.3] Something just tried to add player FlaimerPro into team CMINP66 (expected team: 7FlaimerProA)
04.08.2024 - 18:57:02 - [TAB v4.0.3] Something just tried to add player FlaimerPro into team OCM-1 (expected team: 7FlaimerProA)
04.08.2024 - 18:57:02 - [TAB v4.0.3] Something just tried to add player FlaimerPro into team CMINP66 (expected team: 7FlaimerProA)
04.08.2024 - 21:10:50 - [TAB v4.0.3] Something just tried to add player Danuk16 into team CMINP6 (expected team: 3Danuk16A)
04.08.2024 - 21:10:50 - [TAB v4.0.3] Something just tried to add player Danuk16 into team OCM-2 (expected team: 3Danuk16A)
04.08.2024 - 21:10:50 - [TAB v4.0.3] Something just tried to add player Danuk16 into team CMINP6 (expected team: 3Danuk16A)
04.08.2024 - 21:55:15 - [TAB v4.0.3] Something just tried to add player Danuk16 into team OCM-0 (expected team: 3Danuk16A)
04.08.2024 - 21:55:15 - [TAB v4.0.3] Something just tried to add player Danuk16 into team CMINP6 (expected team: 3Danuk16A)
04.08.2024 - 22:00:54 - [TAB v4.0.3] Something just tried to add player FlaimerPro into team OCM-0 (expected team: 7FlaimerProA)
04.08.2024 - 22:00:54 - [TAB v4.0.3] Something just tried to add player FlaimerPro into team CMINP66 (expected team: 7FlaimerProA)
04.08.2024 - 22:02:52 - [TAB v4.0.3] Something just tried to add player Danuk16 into team OCM-1 (expected team: 3Danuk16A)
04.08.2024 - 22:02:52 - [TAB v4.0.3] Something just tried to add player Danuk16 into team CMINP6 (expected team: 3Danuk16A)
04.08.2024 - 22:26:13 - [TAB v4.0.3] Something just tried to add player Danuk16 into team OCM-0 (expected team: 3Danuk16A)
04.08.2024 - 22:26:13 - [TAB v4.0.3] Something just tried to add player Danuk16 into team CMINP6 (expected team: 3Danuk16A)
04.08.2024 - 23:20:11 - [TAB v4.0.3] Something just tried to add player FlaimerPro into team OCM-1 (expected team: 3FlaimerProA)
05.08.2024 - 15:05:43 - [TAB v4.0.3] Something just tried to add player Danuk16 into team OCM-0 (expected team: 3Danuk16A)
05.08.2024 - 15:05:43 - [TAB v4.0.3] Something just tried to add player Danuk16 into team CMINP6 (expected team: 3Danuk16A)
05.08.2024 - 15:27:27 - [TAB v4.0.3] Something just tried to add player Danuk16 into team OCM-1 (expected team: 3Danuk16A)
05.08.2024 - 17:51:38 - [TAB v4.0.3] Something just tried to add player Danuk16 into team CMINP6 (expected team: 3Danuk16A)
05.08.2024 - 17:51:38 - [TAB v4.0.3] Something just tried to add player Danuk16 into team OCM-2 (expected team: 3Danuk16A)
05.08.2024 - 17:51:38 - [TAB v4.0.3] Something just tried to add player Danuk16 into team CMINP6 (expected team: 3Danuk16A)
05.08.2024 - 17:56:51 - [TAB v4.0.3] Something just tried to add player FlaimerPro into team CMINP66 (expected team: 3FlaimerProA)
05.08.2024 - 17:56:51 - [TAB v4.0.3] Something just tried to add player FlaimerPro into team OCM-4 (expected team: 3FlaimerProA)
05.08.2024 - 17:56:51 - [TAB v4.0.3] Something just tried to add player FlaimerPro into team CMINP66 (expected team: 3FlaimerProA)
05.08.2024 - 18:32:19 - [TAB v4.0.3] Something just tried to add player Danuk16 into team OCM-0 (expected team: 3Danuk16A)
05.08.2024 - 18:32:19 - [TAB v4.0.3] Something just tried to add player Danuk16 into team CMINP6 (expected team: 3Danuk16A)
05.08.2024 - 18:32:19 - [TAB v4.0.3] Something just tried to add player FlaimerPro into team CMINP66 (expected team: 3FlaimerProA)
05.08.2024 - 18:32:19 - [TAB v4.0.3] Something just tried to add player FlaimerPro into team OCM-1 (expected team: 3FlaimerProA)
05.08.2024 - 18:32:19 - [TAB v4.0.3] Something just tried to add player FlaimerPro into team CMINP66 (expected team: 3FlaimerProA)
05.08.2024 - 18:37:12 - [TAB v4.0.3] Something just tried to add player Danuk16 into team OCM-0 (expected team: 3Danuk16A)
05.08.2024 - 18:37:12 - [TAB v4.0.3] Something just tried to add player Danuk16 into team CMINP6 (expected team: 3Danuk16A)
05.08.2024 - 20:30:31 - [TAB v4.0.3] Something just tried to add player FlaimerPro into team CMINP66 (expected team: 3FlaimerProA)
05.08.2024 - 20:30:31 - [TAB v4.0.3] Something just tried to add player FlaimerPro into team OCM-1 (expected team: 3FlaimerProA)
05.08.2024 - 20:30:31 - [TAB v4.0.3] Something just tried to add player FlaimerPro into team CMINP66 (expected team: 3FlaimerProA)
05.08.2024 - 20:46:10 - [TAB v4.0.3] Something just tried to add player Danuk16 into team OCM-2 (expected team: 3Danuk16A)
05.08.2024 - 20:46:10 - [TAB v4.0.3] Something just tried to add player Danuk16 into team CMINP6 (expected team: 3Danuk16A)
05.08.2024 - 21:50:56 - [TAB v4.0.3] Something just tried to add player Danuk16 into team OCM-3 (expected team: 3Danuk16A)
05.08.2024 - 21:50:56 - [TAB v4.0.3] Something just tried to add player Danuk16 into team CMINP6 (expected team: 3Danuk16A)
05.08.2024 - 21:50:56 - [TAB v4.0.3] Something just tried to add player FlaimerPro into team CMINP66 (expected team: 3FlaimerProA)
05.08.2024 - 21:50:56 - [TAB v4.0.3] Something just tried to add player FlaimerPro into team OCM-4 (expected team: 3FlaimerProA)
05.08.2024 - 21:50:56 - [TAB v4.0.3] Something just tried to add player FlaimerPro into team CMINP66 (expected team: 3FlaimerProA)
05.08.2024 - 21:54:28 - [TAB v4.0.3] Something just tried to add player Danuk16 into team OCM-5 (expected team: 3Danuk16A)
05.08.2024 - 21:54:28 - [TAB v4.0.3] Something just tried to add player Danuk16 into team CMINP6 (expected team: 3Danuk16A)
05.08.2024 - 21:54:28 - [TAB v4.0.3] Something just tried to add player FlaimerPro into team CMINP66 (expected team: 3FlaimerProA)
05.08.2024 - 22:10:33 - [TAB v4.0.3] Something just tried to add player Danuk16 into team OCM-0 (expected team: 3Danuk16A)
05.08.2024 - 22:10:33 - [TAB v4.0.3] Something just tried to add player Danuk16 into team CMINP6 (expected team: 3Danuk16A)
05.08.2024 - 22:13:40 - [TAB v4.0.3] Something just tried to add player Danuk16 into team OCM-0 (expected team: 3Danuk16A)
05.08.2024 - 22:13:40 - [TAB v4.0.3] Something just tried to add player Danuk16 into team CMINP6 (expected team: 3Danuk16A)
07.08.2024 - 15:17:46 - [TAB v4.0.3] Something just tried to add player FlaimerPro into team CMINP66 (expected team: 3FlaimerProA)
07.08.2024 - 15:17:46 - [TAB v4.0.3] Something just tried to add player FlaimerPro into team OCM-0 (expected team: 3FlaimerProA)
07.08.2024 - 15:17:46 - [TAB v4.0.3] Something just tried to add player FlaimerPro into team CMINP66 (expected team: 3FlaimerProA)
07.08.2024 - 21:48:57 - [TAB v4.0.3] Something just tried to add player FlaimerPro into team CMINP66 (expected team: 3FlaimerProA)
07.08.2024 - 21:48:57 - [TAB v4.0.3] Something just tried to add player FlaimerPro into team OCM-0 (expected team: 3FlaimerProA)
07.08.2024 - 21:48:57 - [TAB v4.0.3] Something just tried to add player FlaimerPro into team CMINP66 (expected team: 3FlaimerProA)
09.08.2024 - 15:29:49 - [TAB v4.0.3] Something just tried to add player FlaimerPro into team CMINP66 (expected team: 3FlaimerProA)
09.08.2024 - 15:29:49 - [TAB v4.0.3] Something just tried to add player FlaimerPro into team OCM-0 (expected team: 3FlaimerProA)
09.08.2024 - 15:29:49 - [TAB v4.0.3] Something just tried to add player FlaimerPro into team CMINP66 (expected team: 3FlaimerProA)
09.08.2024 - 15:30:30 - [TAB v4.0.3] Something just tried to add player Danuk16 into team CMINP6 (expected team: 3Danuk16A)
09.08.2024 - 15:30:30 - [TAB v4.0.3] Something just tried to add player Danuk16 into team OCM-1 (expected team: 3Danuk16A)
