24.06.2024 - 22:29:34 - [TAB v4.0.3] Player placeholder %alonsolevels_progress_format% generated an error when setting for player Danuk16
24.06.2024 - 22:29:34 - java.lang.NullPointerException: null
24.06.2024 - 22:29:34 - 	at com.alonsoaliaga.alonsolevels.AlonsoLevels.getProgressFormat(AlonsoLevels.java:1632)
24.06.2024 - 22:29:34 - 	at com.alonsoaliaga.alonsolevels.others.PlaceholderAPIHook.onPlaceholderRequest(PlaceholderAPIHook.java:132)
24.06.2024 - 22:29:34 - 	at me.clip.placeholderapi.PlaceholderHook.onRequest(PlaceholderHook.java:31)
24.06.2024 - 22:29:34 - 	at me.clip.placeholderapi.replacer.CharsReplacer.apply(CharsReplacer.java:160)
24.06.2024 - 22:29:34 - 	at me.clip.placeholderapi.PlaceholderAPI.setPlaceholders(PlaceholderAPI.java:70)
24.06.2024 - 22:29:34 - 	at me.clip.placeholderapi.PlaceholderAPI.setPlaceholders(PlaceholderAPI.java:98)
24.06.2024 - 22:29:34 - 	at me.neznamy.tab.platforms.bukkit.platform.BukkitPlatform.lambda$registerUnknownPlaceholder$2(BukkitPlatform.java:131)
24.06.2024 - 22:29:34 - 	at me.neznamy.tab.shared.placeholders.PlayerPlaceholderImpl.request(PlayerPlaceholderImpl.java:138)
24.06.2024 - 22:29:34 - 	at me.neznamy.tab.shared.placeholders.PlayerPlaceholderImpl.update(PlayerPlaceholderImpl.java:57)
24.06.2024 - 22:29:34 - 	at me.neznamy.tab.shared.features.PlaceholderManagerImpl.updatePlayerPlaceholder(PlaceholderManagerImpl.java:118)
24.06.2024 - 22:29:34 - 	at me.neznamy.tab.shared.features.PlaceholderManagerImpl.refresh(PlaceholderManagerImpl.java:69)
24.06.2024 - 22:29:34 - 	at me.neznamy.tab.shared.CpuManager.lambda$runMeasuredTask$11(CpuManager.java:226)
24.06.2024 - 22:29:34 - 	at me.neznamy.tab.shared.CpuManager.run(CpuManager.java:252)
24.06.2024 - 22:29:34 - 	at me.neznamy.tab.shared.CpuManager.lambda$submit$1(CpuManager.java:105)
24.06.2024 - 22:29:34 - 	at java.base/java.util.concurrent.Executors$RunnableAdapter.call(Executors.java:515)
24.06.2024 - 22:29:34 - 	at java.base/java.util.concurrent.FutureTask.run(FutureTask.java:264)
24.06.2024 - 22:29:34 - 	at java.base/java.util.concurrent.ScheduledThreadPoolExecutor$ScheduledFutureTask.run(ScheduledThreadPoolExecutor.java:304)
24.06.2024 - 22:29:34 - 	at java.base/java.util.concurrent.ThreadPoolExecutor.runWorker(ThreadPoolExecutor.java:1128)
24.06.2024 - 22:29:34 - 	at java.base/java.util.concurrent.ThreadPoolExecutor$Worker.run(ThreadPoolExecutor.java:628)
24.06.2024 - 22:29:34 - 	at java.base/java.lang.Thread.run(Thread.java:829)
24.06.2024 - 22:29:34 - [TAB v4.0.3] Player placeholder %alonsolevels_colored_level_format% generated an error when setting for player Danuk16
24.06.2024 - 22:29:34 - java.lang.NullPointerException: null
24.06.2024 - 22:29:34 - 	at com.alonsoaliaga.alonsolevels.others.PlaceholderAPIHook.onPlaceholderRequest(PlaceholderAPIHook.java:59)
24.06.2024 - 22:29:34 - 	at me.clip.placeholderapi.PlaceholderHook.onRequest(PlaceholderHook.java:31)
24.06.2024 - 22:29:34 - 	at me.clip.placeholderapi.replacer.CharsReplacer.apply(CharsReplacer.java:160)
24.06.2024 - 22:29:34 - 	at me.clip.placeholderapi.PlaceholderAPI.setPlaceholders(PlaceholderAPI.java:70)
24.06.2024 - 22:29:34 - 	at me.clip.placeholderapi.PlaceholderAPI.setPlaceholders(PlaceholderAPI.java:98)
24.06.2024 - 22:29:34 - 	at me.neznamy.tab.platforms.bukkit.platform.BukkitPlatform.lambda$registerUnknownPlaceholder$2(BukkitPlatform.java:131)
24.06.2024 - 22:29:34 - 	at me.neznamy.tab.shared.placeholders.PlayerPlaceholderImpl.request(PlayerPlaceholderImpl.java:138)
24.06.2024 - 22:29:34 - 	at me.neznamy.tab.shared.placeholders.PlayerPlaceholderImpl.update(PlayerPlaceholderImpl.java:57)
24.06.2024 - 22:29:34 - 	at me.neznamy.tab.shared.features.PlaceholderManagerImpl.updatePlayerPlaceholder(PlaceholderManagerImpl.java:118)
24.06.2024 - 22:29:34 - 	at me.neznamy.tab.shared.features.PlaceholderManagerImpl.refresh(PlaceholderManagerImpl.java:69)
24.06.2024 - 22:29:34 - 	at me.neznamy.tab.shared.CpuManager.lambda$runMeasuredTask$11(CpuManager.java:226)
24.06.2024 - 22:29:34 - 	at me.neznamy.tab.shared.CpuManager.run(CpuManager.java:252)
24.06.2024 - 22:29:34 - 	at me.neznamy.tab.shared.CpuManager.lambda$submit$1(CpuManager.java:105)
24.06.2024 - 22:29:34 - 	at java.base/java.util.concurrent.Executors$RunnableAdapter.call(Executors.java:515)
24.06.2024 - 22:29:34 - 	at java.base/java.util.concurrent.FutureTask.run(FutureTask.java:264)
24.06.2024 - 22:29:34 - 	at java.base/java.util.concurrent.ScheduledThreadPoolExecutor$ScheduledFutureTask.run(ScheduledThreadPoolExecutor.java:304)
24.06.2024 - 22:29:34 - 	at java.base/java.util.concurrent.ThreadPoolExecutor.runWorker(ThreadPoolExecutor.java:1128)
24.06.2024 - 22:29:34 - 	at java.base/java.util.concurrent.ThreadPoolExecutor$Worker.run(ThreadPoolExecutor.java:628)
24.06.2024 - 22:29:34 - 	at java.base/java.lang.Thread.run(Thread.java:829)
24.06.2024 - 22:29:34 - [TAB v4.0.3] Player placeholder %alonsolevels_colored_level_format% generated an error when setting for player FlaimerPro
24.06.2024 - 22:29:34 - java.lang.NullPointerException: null
24.06.2024 - 22:29:34 - 	at com.alonsoaliaga.alonsolevels.others.PlaceholderAPIHook.onPlaceholderRequest(PlaceholderAPIHook.java:59)
24.06.2024 - 22:29:34 - 	at me.clip.placeholderapi.PlaceholderHook.onRequest(PlaceholderHook.java:31)
24.06.2024 - 22:29:34 - 	at me.clip.placeholderapi.replacer.CharsReplacer.apply(CharsReplacer.java:160)
24.06.2024 - 22:29:34 - 	at me.clip.placeholderapi.PlaceholderAPI.setPlaceholders(PlaceholderAPI.java:70)
24.06.2024 - 22:29:34 - 	at me.clip.placeholderapi.PlaceholderAPI.setPlaceholders(PlaceholderAPI.java:98)
24.06.2024 - 22:29:34 - 	at me.neznamy.tab.platforms.bukkit.platform.BukkitPlatform.lambda$registerUnknownPlaceholder$2(BukkitPlatform.java:131)
24.06.2024 - 22:29:34 - 	at me.neznamy.tab.shared.placeholders.PlayerPlaceholderImpl.request(PlayerPlaceholderImpl.java:138)
24.06.2024 - 22:29:34 - 	at me.neznamy.tab.shared.placeholders.PlayerPlaceholderImpl.update(PlayerPlaceholderImpl.java:57)
24.06.2024 - 22:29:34 - 	at me.neznamy.tab.shared.features.PlaceholderManagerImpl.updatePlayerPlaceholder(PlaceholderManagerImpl.java:118)
24.06.2024 - 22:29:34 - 	at me.neznamy.tab.shared.features.PlaceholderManagerImpl.refresh(PlaceholderManagerImpl.java:69)
24.06.2024 - 22:29:34 - 	at me.neznamy.tab.shared.CpuManager.lambda$runMeasuredTask$11(CpuManager.java:226)
24.06.2024 - 22:29:34 - 	at me.neznamy.tab.shared.CpuManager.run(CpuManager.java:252)
24.06.2024 - 22:29:34 - 	at me.neznamy.tab.shared.CpuManager.lambda$submit$1(CpuManager.java:105)
24.06.2024 - 22:29:34 - 	at java.base/java.util.concurrent.Executors$RunnableAdapter.call(Executors.java:515)
24.06.2024 - 22:29:34 - 	at java.base/java.util.concurrent.FutureTask.run(FutureTask.java:264)
24.06.2024 - 22:29:34 - 	at java.base/java.util.concurrent.ScheduledThreadPoolExecutor$ScheduledFutureTask.run(ScheduledThreadPoolExecutor.java:304)
24.06.2024 - 22:29:34 - 	at java.base/java.util.concurrent.ThreadPoolExecutor.runWorker(ThreadPoolExecutor.java:1128)
24.06.2024 - 22:29:34 - 	at java.base/java.util.concurrent.ThreadPoolExecutor$Worker.run(ThreadPoolExecutor.java:628)
24.06.2024 - 22:29:34 - 	at java.base/java.lang.Thread.run(Thread.java:829)
24.06.2024 - 22:29:34 - [TAB v4.0.3] Player placeholder %alonsolevels_progress_percent_format% generated an error when setting for player Danuk16
24.06.2024 - 22:29:34 - java.lang.NullPointerException: null
24.06.2024 - 22:29:34 - 	at com.alonsoaliaga.alonsolevels.AlonsoLevels.getProgressPercentage(AlonsoLevels.java:1653)
24.06.2024 - 22:29:34 - 	at com.alonsoaliaga.alonsolevels.others.PlaceholderAPIHook.onPlaceholderRequest(PlaceholderAPIHook.java:150)
24.06.2024 - 22:29:34 - 	at me.clip.placeholderapi.PlaceholderHook.onRequest(PlaceholderHook.java:31)
24.06.2024 - 22:29:34 - 	at me.clip.placeholderapi.replacer.CharsReplacer.apply(CharsReplacer.java:160)
24.06.2024 - 22:29:34 - 	at me.clip.placeholderapi.PlaceholderAPI.setPlaceholders(PlaceholderAPI.java:70)
24.06.2024 - 22:29:34 - 	at me.clip.placeholderapi.PlaceholderAPI.setPlaceholders(PlaceholderAPI.java:98)
24.06.2024 - 22:29:34 - 	at me.neznamy.tab.platforms.bukkit.platform.BukkitPlatform.lambda$registerUnknownPlaceholder$2(BukkitPlatform.java:131)
24.06.2024 - 22:29:34 - 	at me.neznamy.tab.shared.placeholders.PlayerPlaceholderImpl.request(PlayerPlaceholderImpl.java:138)
24.06.2024 - 22:29:34 - 	at me.neznamy.tab.shared.placeholders.PlayerPlaceholderImpl.update(PlayerPlaceholderImpl.java:57)
24.06.2024 - 22:29:34 - 	at me.neznamy.tab.shared.features.PlaceholderManagerImpl.updatePlayerPlaceholder(PlaceholderManagerImpl.java:118)
24.06.2024 - 22:29:34 - 	at me.neznamy.tab.shared.features.PlaceholderManagerImpl.refresh(PlaceholderManagerImpl.java:69)
24.06.2024 - 22:29:34 - 	at me.neznamy.tab.shared.CpuManager.lambda$runMeasuredTask$11(CpuManager.java:226)
24.06.2024 - 22:29:34 - 	at me.neznamy.tab.shared.CpuManager.run(CpuManager.java:252)
24.06.2024 - 22:29:34 - 	at me.neznamy.tab.shared.CpuManager.lambda$submit$1(CpuManager.java:105)
24.06.2024 - 22:29:34 - 	at java.base/java.util.concurrent.Executors$RunnableAdapter.call(Executors.java:515)
24.06.2024 - 22:29:34 - 	at java.base/java.util.concurrent.FutureTask.run(FutureTask.java:264)
24.06.2024 - 22:29:34 - 	at java.base/java.util.concurrent.ScheduledThreadPoolExecutor$ScheduledFutureTask.run(ScheduledThreadPoolExecutor.java:304)
24.06.2024 - 22:29:34 - 	at java.base/java.util.concurrent.ThreadPoolExecutor.runWorker(ThreadPoolExecutor.java:1128)
24.06.2024 - 22:29:34 - 	at java.base/java.util.concurrent.ThreadPoolExecutor$Worker.run(ThreadPoolExecutor.java:628)
24.06.2024 - 22:29:34 - 	at java.base/java.lang.Thread.run(Thread.java:829)
24.06.2024 - 22:29:34 - [TAB v4.0.3] Player placeholder %alonsolevels_colored_level_format% generated an error when setting for player Danuk16
24.06.2024 - 22:29:34 - java.lang.NullPointerException: null
24.06.2024 - 22:29:34 - 	at com.alonsoaliaga.alonsolevels.others.PlaceholderAPIHook.onPlaceholderRequest(PlaceholderAPIHook.java:59)
24.06.2024 - 22:29:34 - 	at me.clip.placeholderapi.PlaceholderHook.onRequest(PlaceholderHook.java:31)
24.06.2024 - 22:29:34 - 	at me.clip.placeholderapi.replacer.CharsReplacer.apply(CharsReplacer.java:160)
24.06.2024 - 22:29:34 - 	at me.clip.placeholderapi.PlaceholderAPI.setPlaceholders(PlaceholderAPI.java:70)
24.06.2024 - 22:29:34 - 	at me.clip.placeholderapi.PlaceholderAPI.setPlaceholders(PlaceholderAPI.java:98)
24.06.2024 - 22:29:34 - 	at me.neznamy.tab.platforms.bukkit.platform.BukkitPlatform.lambda$registerUnknownPlaceholder$2(BukkitPlatform.java:131)
24.06.2024 - 22:29:34 - 	at me.neznamy.tab.shared.placeholders.PlayerPlaceholderImpl.request(PlayerPlaceholderImpl.java:138)
24.06.2024 - 22:29:34 - 	at me.neznamy.tab.shared.placeholders.PlayerPlaceholderImpl.update(PlayerPlaceholderImpl.java:57)
24.06.2024 - 22:29:34 - 	at me.neznamy.tab.shared.features.PlaceholderManagerImpl.updatePlayerPlaceholder(PlaceholderManagerImpl.java:118)
24.06.2024 - 22:29:34 - 	at me.neznamy.tab.shared.features.PlaceholderManagerImpl.refresh(PlaceholderManagerImpl.java:69)
24.06.2024 - 22:29:34 - 	at me.neznamy.tab.shared.CpuManager.lambda$runMeasuredTask$11(CpuManager.java:226)
24.06.2024 - 22:29:34 - 	at me.neznamy.tab.shared.CpuManager.run(CpuManager.java:252)
24.06.2024 - 22:29:34 - 	at me.neznamy.tab.shared.CpuManager.lambda$submit$1(CpuManager.java:105)
24.06.2024 - 22:29:34 - 	at java.base/java.util.concurrent.Executors$RunnableAdapter.call(Executors.java:515)
24.06.2024 - 22:29:34 - 	at java.base/java.util.concurrent.FutureTask.run(FutureTask.java:264)
24.06.2024 - 22:29:34 - 	at java.base/java.util.concurrent.ScheduledThreadPoolExecutor$ScheduledFutureTask.run(ScheduledThreadPoolExecutor.java:304)
24.06.2024 - 22:29:34 - 	at java.base/java.util.concurrent.ThreadPoolExecutor.runWorker(ThreadPoolExecutor.java:1128)
24.06.2024 - 22:29:34 - 	at java.base/java.util.concurrent.ThreadPoolExecutor$Worker.run(ThreadPoolExecutor.java:628)
24.06.2024 - 22:29:34 - 	at java.base/java.lang.Thread.run(Thread.java:829)
24.06.2024 - 22:29:34 - [TAB v4.0.3] Player placeholder %alonsolevels_colored_level_format% generated an error when setting for player FlaimerPro
24.06.2024 - 22:29:34 - java.lang.NullPointerException: null
24.06.2024 - 22:29:34 - 	at com.alonsoaliaga.alonsolevels.others.PlaceholderAPIHook.onPlaceholderRequest(PlaceholderAPIHook.java:59)
24.06.2024 - 22:29:34 - 	at me.clip.placeholderapi.PlaceholderHook.onRequest(PlaceholderHook.java:31)
24.06.2024 - 22:29:34 - 	at me.clip.placeholderapi.replacer.CharsReplacer.apply(CharsReplacer.java:160)
24.06.2024 - 22:29:34 - 	at me.clip.placeholderapi.PlaceholderAPI.setPlaceholders(PlaceholderAPI.java:70)
24.06.2024 - 22:29:34 - 	at me.clip.placeholderapi.PlaceholderAPI.setPlaceholders(PlaceholderAPI.java:98)
24.06.2024 - 22:29:34 - 	at me.neznamy.tab.platforms.bukkit.platform.BukkitPlatform.lambda$registerUnknownPlaceholder$2(BukkitPlatform.java:131)
24.06.2024 - 22:29:34 - 	at me.neznamy.tab.shared.placeholders.PlayerPlaceholderImpl.request(PlayerPlaceholderImpl.java:138)
24.06.2024 - 22:29:34 - 	at me.neznamy.tab.shared.placeholders.PlayerPlaceholderImpl.update(PlayerPlaceholderImpl.java:57)
24.06.2024 - 22:29:34 - 	at me.neznamy.tab.shared.features.PlaceholderManagerImpl.updatePlayerPlaceholder(PlaceholderManagerImpl.java:118)
24.06.2024 - 22:29:34 - 	at me.neznamy.tab.shared.features.PlaceholderManagerImpl.refresh(PlaceholderManagerImpl.java:69)
24.06.2024 - 22:29:34 - 	at me.neznamy.tab.shared.CpuManager.lambda$runMeasuredTask$11(CpuManager.java:226)
24.06.2024 - 22:29:34 - 	at me.neznamy.tab.shared.CpuManager.run(CpuManager.java:252)
24.06.2024 - 22:29:34 - 	at me.neznamy.tab.shared.CpuManager.lambda$submit$1(CpuManager.java:105)
24.06.2024 - 22:29:34 - 	at java.base/java.util.concurrent.Executors$RunnableAdapter.call(Executors.java:515)
24.06.2024 - 22:29:34 - 	at java.base/java.util.concurrent.FutureTask.run(FutureTask.java:264)
24.06.2024 - 22:29:34 - 	at java.base/java.util.concurrent.ScheduledThreadPoolExecutor$ScheduledFutureTask.run(ScheduledThreadPoolExecutor.java:304)
24.06.2024 - 22:29:34 - 	at java.base/java.util.concurrent.ThreadPoolExecutor.runWorker(ThreadPoolExecutor.java:1128)
24.06.2024 - 22:29:34 - 	at java.base/java.util.concurrent.ThreadPoolExecutor$Worker.run(ThreadPoolExecutor.java:628)
24.06.2024 - 22:29:34 - 	at java.base/java.lang.Thread.run(Thread.java:829)
20.07.2024 - 11:58:23 - [TAB v4.0.3] Player placeholder %coin_amount% generated an error when setting for player FlaimerPro
20.07.2024 - 11:58:23 - io.netty.handler.timeout.ReadTimeoutException: null
20.07.2024 - 11:58:54 - [TAB v4.0.3] Player placeholder %coin_amount% generated an error when setting for player FlaimerPro
20.07.2024 - 11:58:54 - io.netty.handler.timeout.ReadTimeoutException: null
22.07.2024 - 17:51:34 - [TAB v4.0.3] Player placeholder %coin_amount% generated an error when setting for player FlaimerPro
22.07.2024 - 17:51:34 - java.lang.NullPointerException: Parameter specified as non-null is null: method ru.snapix.snapicoin.CoinExpansion.onPlaceholderRequest, parameter player
22.07.2024 - 17:51:34 - 	at ru.snapix.snapicoin.CoinExpansion.onPlaceholderRequest(CoinExpansion.kt)
22.07.2024 - 17:51:34 - 	at me.clip.placeholderapi.PlaceholderHook.onRequest(PlaceholderHook.java:34)
22.07.2024 - 17:51:34 - 	at me.clip.placeholderapi.replacer.CharsReplacer.apply(CharsReplacer.java:160)
22.07.2024 - 17:51:34 - 	at me.clip.placeholderapi.PlaceholderAPI.setPlaceholders(PlaceholderAPI.java:70)
22.07.2024 - 17:51:34 - 	at me.clip.placeholderapi.PlaceholderAPI.setPlaceholders(PlaceholderAPI.java:98)
22.07.2024 - 17:51:34 - 	at me.neznamy.tab.platforms.bukkit.platform.BukkitPlatform.lambda$registerUnknownPlaceholder$2(BukkitPlatform.java:131)
22.07.2024 - 17:51:34 - 	at me.neznamy.tab.shared.placeholders.PlayerPlaceholderImpl.request(PlayerPlaceholderImpl.java:138)
22.07.2024 - 17:51:34 - 	at me.neznamy.tab.shared.placeholders.PlayerPlaceholderImpl.update(PlayerPlaceholderImpl.java:57)
22.07.2024 - 17:51:34 - 	at me.neznamy.tab.shared.features.PlaceholderManagerImpl.updatePlayerPlaceholder(PlaceholderManagerImpl.java:118)
22.07.2024 - 17:51:34 - 	at me.neznamy.tab.shared.features.PlaceholderManagerImpl.refresh(PlaceholderManagerImpl.java:69)
22.07.2024 - 17:51:34 - 	at me.neznamy.tab.shared.CpuManager.lambda$runMeasuredTask$11(CpuManager.java:226)
22.07.2024 - 17:51:34 - 	at me.neznamy.tab.shared.CpuManager.run(CpuManager.java:252)
22.07.2024 - 17:51:34 - 	at me.neznamy.tab.shared.CpuManager.lambda$submit$1(CpuManager.java:105)
22.07.2024 - 17:51:34 - 	at java.base/java.util.concurrent.Executors$RunnableAdapter.call(Executors.java:515)
22.07.2024 - 17:51:34 - 	at java.base/java.util.concurrent.FutureTask.run(FutureTask.java:264)
22.07.2024 - 17:51:34 - 	at java.base/java.util.concurrent.ScheduledThreadPoolExecutor$ScheduledFutureTask.run(ScheduledThreadPoolExecutor.java:304)
22.07.2024 - 17:51:34 - 	at java.base/java.util.concurrent.ThreadPoolExecutor.runWorker(ThreadPoolExecutor.java:1128)
22.07.2024 - 17:51:34 - 	at java.base/java.util.concurrent.ThreadPoolExecutor$Worker.run(ThreadPoolExecutor.java:628)
22.07.2024 - 17:51:34 - 	at java.base/java.lang.Thread.run(Thread.java:829)
22.07.2024 - 19:54:39 - [TAB v4.0.3] Player placeholder %coin_amount% generated an error when setting for player FlaimerPro
22.07.2024 - 19:54:39 - io.netty.handler.timeout.ReadTimeoutException: null
26.07.2024 - 22:31:39 - [TAB v4.0.3] Player placeholder %coin_amount% generated an error when setting for player FlaimerPro
26.07.2024 - 22:31:39 - java.lang.InterruptedException: null
26.07.2024 - 22:31:39 - 	at kotlinx.coroutines.BlockingCoroutine.joinBlocking(Builders.kt:94)
26.07.2024 - 22:31:39 - 	at kotlinx.coroutines.BuildersKt__BuildersKt.runBlocking(Builders.kt:69)
26.07.2024 - 22:31:39 - 	at kotlinx.coroutines.BuildersKt.runBlocking(Unknown Source)
26.07.2024 - 22:31:39 - 	at kotlinx.coroutines.BuildersKt__BuildersKt.runBlocking$default(Builders.kt:47)
26.07.2024 - 22:31:39 - 	at kotlinx.coroutines.BuildersKt.runBlocking$default(Unknown Source)
26.07.2024 - 22:31:39 - 	at ru.snapix.library.utils.RedisExtensionKt.async(RedisExtension.kt:15)
26.07.2024 - 22:31:39 - 	at ru.snapix.library.cache.DatabaseCache.get(DatabaseCache.kt:8)
26.07.2024 - 22:31:39 - 	at ru.snapix.snapicoin.api.CoinApi.user(CoinApi.kt:25)
26.07.2024 - 22:31:39 - 	at ru.snapix.snapicoin.CoinExpansion.onPlaceholderRequest(CoinExpansion.kt:14)
26.07.2024 - 22:31:39 - 	at me.clip.placeholderapi.PlaceholderHook.onRequest(PlaceholderHook.java:31)
26.07.2024 - 22:31:39 - 	at me.clip.placeholderapi.replacer.CharsReplacer.apply(CharsReplacer.java:160)
26.07.2024 - 22:31:39 - 	at me.clip.placeholderapi.PlaceholderAPI.setPlaceholders(PlaceholderAPI.java:70)
26.07.2024 - 22:31:39 - 	at me.clip.placeholderapi.PlaceholderAPI.setPlaceholders(PlaceholderAPI.java:98)
26.07.2024 - 22:31:39 - 	at me.neznamy.tab.platforms.bukkit.platform.BukkitPlatform.lambda$registerUnknownPlaceholder$2(BukkitPlatform.java:131)
26.07.2024 - 22:31:39 - 	at me.neznamy.tab.shared.placeholders.PlayerPlaceholderImpl.request(PlayerPlaceholderImpl.java:138)
26.07.2024 - 22:31:39 - 	at me.neznamy.tab.shared.placeholders.PlayerPlaceholderImpl.update(PlayerPlaceholderImpl.java:57)
26.07.2024 - 22:31:39 - 	at me.neznamy.tab.shared.features.PlaceholderManagerImpl.updatePlayerPlaceholder(PlaceholderManagerImpl.java:118)
26.07.2024 - 22:31:39 - 	at me.neznamy.tab.shared.features.PlaceholderManagerImpl.refresh(PlaceholderManagerImpl.java:69)
26.07.2024 - 22:31:39 - 	at me.neznamy.tab.shared.CpuManager.lambda$runMeasuredTask$11(CpuManager.java:226)
26.07.2024 - 22:31:39 - 	at me.neznamy.tab.shared.CpuManager.run(CpuManager.java:252)
26.07.2024 - 22:31:39 - 	at me.neznamy.tab.shared.CpuManager.lambda$submit$1(CpuManager.java:105)
26.07.2024 - 22:31:39 - 	at java.base/java.util.concurrent.Executors$RunnableAdapter.call(Executors.java:515)
26.07.2024 - 22:31:39 - 	at java.base/java.util.concurrent.FutureTask.run(FutureTask.java:264)
26.07.2024 - 22:31:39 - 	at java.base/java.util.concurrent.ScheduledThreadPoolExecutor$ScheduledFutureTask.run(ScheduledThreadPoolExecutor.java:304)
26.07.2024 - 22:31:39 - 	at java.base/java.util.concurrent.ThreadPoolExecutor.runWorker(ThreadPoolExecutor.java:1128)
26.07.2024 - 22:31:39 - 	at java.base/java.util.concurrent.ThreadPoolExecutor$Worker.run(ThreadPoolExecutor.java:628)
26.07.2024 - 22:31:39 - 	at java.base/java.lang.Thread.run(Thread.java:829)
