[13:07:19] [Server thread/INFO]: Starting minecraft server version 1.8.8
[13:07:19] [Server thread/INFO]: Loading properties
[13:07:19] [Server thread/INFO]: Default game type: SURVIVAL
[13:07:19] [Server thread/INFO]: This server is running FoxSpigot version 1.8.8-R0.1-SNAPSHOT (MC: 1.8.8) (Implementing API version 1.8.8-R0.1-SNAPSHOT)
[13:07:19] [Server thread/INFO]: Debug logging is disabled
[13:07:19] [Server thread/INFO]: Spigot Timings: false - Verbose: false - Interval: 5m - Length: 60m
[13:07:19] [Server thread/INFO]: Using 4 threads for Netty based IO
[13:07:19] [Server thread/INFO]: Server Ping Player Sample Count: 0
[13:07:19] [Server thread/INFO]: Data value allowed items: 
[13:07:19] [Server thread/INFO]: Generating keypair
[13:07:20] [Server thread/INFO]: Starting Minecraft server on 127.0.0.1:21001
[13:07:20] [Server thread/INFO]: Set PluginClassLoader as parallel capable
[13:07:20] [Server thread/INFO]: [TpLogin] Loading TpLogin v4.1.1
[13:07:20] [Server thread/INFO]: [ViaVersion] Loading ViaVersion v4.7.1-SNAPSHOT
[13:07:20] [Server thread/INFO]: [ViaVersion] ViaVersion 4.7.1-SNAPSHOT is now loaded. Waiting for boot (late-bind).
[13:07:20] [Server thread/INFO]: [HolographicDisplays] Loading HolographicDisplays v2.3.3-SNAPSHOT
[13:07:20] [Server thread/INFO]: [RunDisable] Loading RunDisable v0.1
[13:07:20] [Server thread/INFO]: [ViaRewind] Loading ViaRewind v2.0.4-SNAPSHOT
[13:07:20] [Server thread/INFO]: [ViaRewind] Enabling ViaRewind v2.0.4-SNAPSHOT
[13:07:21] [Server thread/WARN]: **** SERVER IS RUNNING IN OFFLINE/INSECURE MODE!
[13:07:21] [Server thread/WARN]: The server will make no attempt to authenticate usernames. Beware.
[13:07:21] [Server thread/WARN]: While this makes the game possible to play without internet access, it also opens up the ability for hackers to connect with any username they choose.
[13:07:21] [Server thread/WARN]: To change this, set "online-mode" to "true" in the server.properties file.
[13:07:21] [Server thread/INFO]: **** Beginning UUID conversion, this may take A LONG time ****
[13:07:21] [Server thread/INFO]: Preparing level "auth"
[13:07:21] [Server thread/INFO]: -------- World Settings For [auth] --------
[13:07:21] [Server thread/INFO]: Item Merge Radius: 4.0
[13:07:21] [Server thread/INFO]: Item Despawn Rate: 6000
[13:07:21] [Server thread/INFO]: View Distance: 16
[13:07:21] [Server thread/INFO]: Arrow Despawn Rate: 100
[13:07:21] [Server thread/INFO]: Allow Zombie Pigmen to spawn from portal blocks: true
[13:07:21] [Server thread/INFO]: Chunks to Grow per Tick: 650
[13:07:21] [Server thread/INFO]: Clear tick list: false
[13:07:21] [Server thread/INFO]: Experience Merge Radius: 6.0
[13:07:21] [Server thread/INFO]: Zombie Aggressive Towards Villager: true
[13:07:21] [Server thread/INFO]: Mob Spawn Range: 3
[13:07:21] [Server thread/INFO]: Anti X-Ray: false
[13:07:21] [Server thread/INFO]: 	Engine Mode: 1
[13:07:21] [Server thread/INFO]: 	Hidden Blocks: [14, 15, 16, 21, 48, 49, 54, 56, 73, 74, 82, 129, 130]
[13:07:21] [Server thread/INFO]: 	Replace Blocks: [1, 5]
[13:07:21] [Server thread/INFO]: Nerfing mobs spawned from spawners: true
[13:07:21] [Server thread/INFO]: Max Entity Collisions: 2
[13:07:21] [Server thread/INFO]: Random Lighting Updates: false
[13:07:21] [Server thread/INFO]: Hopper Transfer: 8 Hopper Check: 1 Hopper Amount: 1
[13:07:21] [Server thread/INFO]: Max TNT Explosions: 100
[13:07:21] [Server thread/INFO]: Entity Tracking Range: Pl 48 / An 48 / Mo 48 / Mi 32 / Other 64
[13:07:21] [Server thread/INFO]: Cactus Growth Modifier: 100%
[13:07:21] [Server thread/INFO]: Cane Growth Modifier: 100%
[13:07:21] [Server thread/INFO]: Melon Growth Modifier: 100%
[13:07:21] [Server thread/INFO]: Mushroom Growth Modifier: 100%
[13:07:21] [Server thread/INFO]: Pumpkin Growth Modifier: 100%
[13:07:21] [Server thread/INFO]: Sapling Growth Modifier: 100%
[13:07:21] [Server thread/INFO]: Wheat Growth Modifier: 100%
[13:07:21] [Server thread/INFO]: NetherWart Growth Modifier: 100%
[13:07:21] [Server thread/INFO]: Custom Map Seeds:  Village: 10387312 Feature: 14357617
[13:07:21] [Server thread/INFO]: Structure Info Saving: true
[13:07:21] [Server thread/INFO]: Entity Activation Range: An 12 / Mo 20 / Mi 3
[13:07:21] [Server thread/INFO]: Sending up to 10 chunks per packet
[13:07:21] [Server thread/INFO]: Tile Max Tick Time: 1000ms Entity max Tick Time: 1000ms
[13:07:21] [Server thread/INFO]: -------- World Settings For [auth] --------
[13:07:21] [Server thread/INFO]: Squids will spawn between Y: 45.0 and Y: 63.0
[13:07:21] [Server thread/INFO]: Living Entity Despawn Ranges:  Soft: 32 Hard: 128
[13:07:21] [Server thread/INFO]: Max height for cactus growth 3. Max height for reed growth 3
[13:07:21] [Server thread/INFO]: Fix TNT cannons: false
[13:07:21] [Server thread/INFO]: Allow undead horse types to be leashed: false
[13:07:21] [Server thread/INFO]: Water over lava flow speed: 5
[13:07:21] [Server thread/INFO]: Player blocking damage multiplier set to 0.5
[13:07:21] [Server thread/INFO]: Remove invalid mob spawner tile entities: true
[13:07:21] [Server thread/INFO]: Keep spawn chunk loaded: true
[13:07:21] [Server thread/INFO]: World async lighting: false
[13:07:21] [Server thread/INFO]: WorldServer TickNextTick cap set at 10000
[13:07:21] [Server thread/INFO]: WorldServer TickNextTickList cap always processes redstone: false
[13:07:21] [Server thread/INFO]: Preparing start region for level 0 (Seed: 0)
[13:07:22] [Server thread/INFO]: [TpLogin] Enabling TpLogin v4.1.1
[13:07:22] [Server thread/INFO]: [ViaVersion] Enabling ViaVersion v4.7.1-SNAPSHOT
[13:07:22] [Server thread/INFO]: [ViaVersion] Registering protocol transformers and injecting...
[13:07:23] [Via-Mappingloader-0/INFO]: [ViaVersion] Loading block connection mappings ...
[13:07:23] [Server thread/INFO]: [HolographicDisplays] Enabling HolographicDisplays v2.3.3-SNAPSHOT
[13:07:23] [Server thread/INFO]: [RunDisable] Enabling RunDisable v0.1
[13:07:23] [Server thread/INFO]: [RunDisable] Plugin enabled
[13:07:23] [Server thread/INFO]: Server permissions file permissions.yml is empty, ignoring it
[13:07:23] [Server thread/INFO]: Done (2,685s)! For help, type "help" or "?"
[13:07:23] [Server thread/INFO]: Using default channel type
[13:07:23] [Server thread/INFO]: Your platform does not provide complete low-level API for accessing direct buffers reliably. Unless explicitly requested, heap buffer will always be preferred to avoid potential system unstability.
[13:07:25] [Server thread/INFO]: Timings Reset
[13:07:25] [Server thread/INFO]: [ViaVersion] ViaVersion detected server version: 1.8.x (47)
[13:07:25] [Server thread/WARN]: [ViaVersion] This version of Minecraft is extremely outdated and support for it has reached its end of life. You will still be able to run Via on this Minecraft version, but we are unlikely to provide any further fixes or help with problems specific to legacy Minecraft versions. Please consider updating to give your players a better experience and to avoid issues that have long been fixed.
[13:07:25] [Server thread/WARN]: [ViaVersion] You are running an outdated Java version, please consider updating it to at least Java 17 (your version is 11.0.22). At some point in the future, ViaVersion will no longer be compatible with this version of Java.
[13:07:25] [Server thread/INFO]: [HolographicDisplays] Found a new version available: v3.0.4
[13:07:25] [Server thread/INFO]: [HolographicDisplays] Download it on Bukkit Dev:
[13:07:25] [Server thread/INFO]: [HolographicDisplays] dev.bukkit.org/bukkit-plugins/holographic-displays
[13:07:25] [Craft Scheduler Thread - 0/INFO]: [ViaVersion] Finished mapping loading, shutting down loader executor!
[13:12:18] [Thread-8/INFO]: UUID of player Danuk16 is b8a47f4c-108e-33dd-a551-34497268b20f
[13:12:18] [Server thread/INFO]: Danuk16[/127.0.0.1:52597] logged in with entity id 9 at ([auth]0.5, 50.0, 0.5)
[13:12:20] [Netty Server IO #1/WARN]: [ViaVersion] Ignoring incoming plugin channel register of 'fabric-screen-handler-api-v1:open_screen', as it is longer than 32 characters
[13:12:29] [Server thread/INFO]: Danuk16 lost connection: Disconnected
[14:35:36] [Thread-12/INFO]: UUID of player Danuk16 is b8a47f4c-108e-33dd-a551-34497268b20f
[14:35:36] [Server thread/INFO]: Danuk16[/127.0.0.1:54175] logged in with entity id 10 at ([auth]0.5, 50.0, 0.5)
[14:35:38] [Netty Server IO #2/WARN]: [ViaVersion] Ignoring incoming plugin channel register of 'fabric-screen-handler-api-v1:open_screen', as it is longer than 32 characters
[15:30:23] [Server thread/INFO]: Danuk16 lost connection: Disconnected
[16:39:57] [Server thread/INFO]: Stopping the server
[16:39:57] [Server thread/INFO]: Stopping server
[16:39:57] [Server thread/INFO]: [ViaRewind] Disabling ViaRewind v2.0.4-SNAPSHOT
[16:39:57] [Server thread/INFO]: [RunDisable] Disabling RunDisable v0.1
[16:39:57] [Server thread/INFO]: [RunDisable] Plugin disabled
[16:39:57] [Server thread/INFO]: [HolographicDisplays] Disabling HolographicDisplays v2.3.3-SNAPSHOT
[16:39:57] [Server thread/INFO]: [ViaVersion] Disabling ViaVersion v4.7.1-SNAPSHOT
[16:39:57] [Server thread/INFO]: [ViaVersion] ViaVersion is disabling, if this is a reload and you experience issues consider rebooting.
[16:39:57] [Server thread/INFO]: [TpLogin] Disabling TpLogin v4.1.1
[16:39:57] [Server thread/INFO]: Saving players
[16:39:57] [Server thread/INFO]: Saving worlds
[16:39:57] [Server thread/INFO]: Saving chunks for level 'auth'/Overworld
[16:39:57] [Server thread/INFO]: Saving usercache.json
