[10:47:59] [luckperms-worker-5/WARN]: [me.lucko.luckperms.lib.hikari.pool.PoolBase] luckperms-hikari - Failed to validate connection me.lucko.luckperms.lib.mariadb.Connection@4e8fd0f3 ((conn=184) Connection.setNetworkTimeout cannot be called on a closed connection). Possibly consider using a shorter maxLifetime value.
[10:47:59] [luckperms-worker-5/WARN]: [me.lucko.luckperms.lib.hikari.pool.PoolBase] luckperms-hikari - Failed to validate connection me.lucko.luckperms.lib.mariadb.Connection@762de747 ((conn=185) Connection.setNetworkTimeout cannot be called on a closed connection). Possibly consider using a shorter maxLifetime value.
[10:47:59] [luckperms-worker-5/WARN]: [me.lucko.luckperms.lib.hikari.pool.PoolBase] luckperms-hikari - Failed to validate connection me.lucko.luckperms.lib.mariadb.Connection@4695a939 ((conn=186) Connection.setNetworkTimeout cannot be called on a closed connection). Possibly consider using a shorter maxLifetime value.
[10:47:59] [luckperms-worker-5/WARN]: [me.lucko.luckperms.lib.hikari.pool.PoolBase] luckperms-hikari - Failed to validate connection me.lucko.luckperms.lib.mariadb.Connection@5ca9cb57 ((conn=187) Connection.setNetworkTimeout cannot be called on a closed connection). Possibly consider using a shorter maxLifetime value.
[10:47:59] [luckperms-worker-5/WARN]: [me.lucko.luckperms.lib.hikari.pool.PoolBase] luckperms-hikari - Failed to validate connection me.lucko.luckperms.lib.mariadb.Connection@d582260 ((conn=188) Connection.setNetworkTimeout cannot be called on a closed connection). Possibly consider using a shorter maxLifetime value.
[10:47:59] [luckperms-worker-5/WARN]: [me.lucko.luckperms.lib.hikari.pool.PoolBase] luckperms-hikari - Failed to validate connection me.lucko.luckperms.lib.mariadb.Connection@1456fb53 ((conn=189) Connection.setNetworkTimeout cannot be called on a closed connection). Possibly consider using a shorter maxLifetime value.
[10:47:59] [luckperms-worker-5/WARN]: [me.lucko.luckperms.lib.hikari.pool.PoolBase] luckperms-hikari - Failed to validate connection me.lucko.luckperms.lib.mariadb.Connection@7fe15481 ((conn=190) Connection.setNetworkTimeout cannot be called on a closed connection). Possibly consider using a shorter maxLifetime value.
[10:47:59] [luckperms-worker-5/WARN]: [me.lucko.luckperms.lib.hikari.pool.PoolBase] luckperms-hikari - Failed to validate connection me.lucko.luckperms.lib.mariadb.Connection@6d80cb59 ((conn=191) Connection.setNetworkTimeout cannot be called on a closed connection). Possibly consider using a shorter maxLifetime value.
[10:47:59] [luckperms-worker-5/WARN]: [me.lucko.luckperms.lib.hikari.pool.PoolBase] luckperms-hikari - Failed to validate connection me.lucko.luckperms.lib.mariadb.Connection@2187afab ((conn=192) Connection.setNetworkTimeout cannot be called on a closed connection). Possibly consider using a shorter maxLifetime value.
[10:47:59] [luckperms-worker-5/WARN]: [me.lucko.luckperms.lib.hikari.pool.PoolBase] luckperms-hikari - Failed to validate connection me.lucko.luckperms.lib.mariadb.Connection@22844ab ((conn=193) Connection.setNetworkTimeout cannot be called on a closed connection). Possibly consider using a shorter maxLifetime value.
[10:47:59] [User Authenticator #1/INFO]: UUID of player FlaimerPro is 67b6efe6-bf52-3c13-8d21-291fd6b1fe76
[10:47:59] [Server thread/WARN]: [com.zaxxer.hikari.pool.PoolElf] DB - Connection org.mariadb.jdbc.Connection@596c8f9d failed alive test with exception (conn=248) Socket error
[10:47:59] [Server thread/WARN]: [com.zaxxer.hikari.pool.PoolElf] DB - Connection org.mariadb.jdbc.Connection@320cfe18 failed alive test with exception (conn=249) Socket error
[10:47:59] [Server thread/WARN]: [com.zaxxer.hikari.pool.PoolElf] DB - Connection org.mariadb.jdbc.Connection@176796f4 failed alive test with exception (conn=250) Socket error
[10:47:59] [Server thread/INFO]: FlaimerPro[/127.0.0.1:57410] logged in with entity id 203 at ([island_normal]1200.5, 72.0, 333600.5)
[10:48:00] [Server thread/WARN]: [UltimateStacker] Task #2466 for UltimateStacker v2.1.7 generated an exception
java.lang.NoClassDefFoundError: us/myles/ViaVersion/api/Via
	at com.songoda.ultimatestacker.core.compatibility.ClientVersion.lambda$onLoginVia$1(ClientVersion.java:53) ~[?:?]
	at org.bukkit.craftbukkit.v1_12_R1.scheduler.CraftTask.run(CraftTask.java:64) ~[spigot.jar:git-Paper-1620]
	at org.bukkit.craftbukkit.v1_12_R1.scheduler.CraftScheduler.mainThreadHeartbeat(CraftScheduler.java:423) ~[spigot.jar:git-Paper-1620]
	at net.minecraft.server.v1_12_R1.MinecraftServer.D(MinecraftServer.java:840) ~[spigot.jar:git-Paper-1620]
	at net.minecraft.server.v1_12_R1.DedicatedServer.D(DedicatedServer.java:423) ~[spigot.jar:git-Paper-1620]
	at net.minecraft.server.v1_12_R1.MinecraftServer.C(MinecraftServer.java:774) ~[spigot.jar:git-Paper-1620]
	at net.minecraft.server.v1_12_R1.MinecraftServer.run(MinecraftServer.java:666) ~[spigot.jar:git-Paper-1620]
	at java.lang.Thread.run(Thread.java:829) [?:?]
Caused by: java.lang.ClassNotFoundException: us.myles.ViaVersion.api.Via
	at java.net.URLClassLoader.findClass(URLClassLoader.java:476) ~[?:?]
	at org.bukkit.plugin.java.PluginClassLoader.findClass(PluginClassLoader.java:156) ~[spigot.jar:git-Paper-1620]
	at org.bukkit.plugin.java.PluginClassLoader.findClass(PluginClassLoader.java:104) ~[spigot.jar:git-Paper-1620]
	at java.lang.ClassLoader.loadClass(ClassLoader.java:594) ~[?:?]
	at java.lang.ClassLoader.loadClass(ClassLoader.java:527) ~[?:?]
	... 8 more
[10:48:00] [Craft Scheduler Thread - 28/WARN]: [com.alonsoaliaga.alonsolevels.libraries.hikari.pool.PoolBase] HikariPool-1 - Failed to validate connection com.mysql.jdbc.JDBC4Connection@4ed5cb62 (No operations allowed after connection closed.). Possibly consider using a shorter maxLifetime value.
[10:48:00] [Craft Scheduler Thread - 84/WARN]: [com.alonsoaliaga.bettersocial.libraries.hikari.pool.PoolBase] HikariPool-1 - Failed to validate connection com.mysql.jdbc.JDBC4Connection@3545d708 (No operations allowed after connection closed.). Possibly consider using a shorter maxLifetime value.
[10:48:00] [Craft Scheduler Thread - 28/WARN]: [com.alonsoaliaga.alonsolevels.libraries.hikari.pool.PoolBase] HikariPool-1 - Failed to validate connection com.mysql.jdbc.JDBC4Connection@5e4c8103 (No operations allowed after connection closed.). Possibly consider using a shorter maxLifetime value.
[10:48:00] [Craft Scheduler Thread - 84/WARN]: [com.alonsoaliaga.bettersocial.libraries.hikari.pool.PoolBase] HikariPool-1 - Failed to validate connection com.mysql.jdbc.JDBC4Connection@6676602b (No operations allowed after connection closed.). Possibly consider using a shorter maxLifetime value.
[10:48:00] [Craft Scheduler Thread - 28/WARN]: [com.alonsoaliaga.alonsolevels.libraries.hikari.pool.PoolBase] HikariPool-1 - Failed to validate connection com.mysql.jdbc.JDBC4Connection@3ea2df73 (No operations allowed after connection closed.). Possibly consider using a shorter maxLifetime value.
[10:48:00] [Craft Scheduler Thread - 84/WARN]: [com.alonsoaliaga.bettersocial.libraries.hikari.pool.PoolBase] HikariPool-1 - Failed to validate connection com.mysql.jdbc.JDBC4Connection@7d90167a (No operations allowed after connection closed.). Possibly consider using a shorter maxLifetime value.
[10:48:00] [Craft Scheduler Thread - 84/WARN]: [com.alonsoaliaga.bettersocial.libraries.hikari.pool.PoolBase] HikariPool-1 - Failed to validate connection com.mysql.jdbc.JDBC4Connection@c87c0ed (No operations allowed after connection closed.). Possibly consider using a shorter maxLifetime value.
[10:48:00] [Craft Scheduler Thread - 84/WARN]: [com.alonsoaliaga.bettersocial.libraries.hikari.pool.PoolBase] HikariPool-1 - Failed to validate connection com.mysql.jdbc.JDBC4Connection@564a699b (No operations allowed after connection closed.). Possibly consider using a shorter maxLifetime value.
[10:48:00] [Craft Scheduler Thread - 84/WARN]: [com.alonsoaliaga.bettersocial.libraries.hikari.pool.PoolBase] HikariPool-1 - Failed to validate connection com.mysql.jdbc.JDBC4Connection@64784b17 (No operations allowed after connection closed.). Possibly consider using a shorter maxLifetime value.
[10:48:19] [Server thread/INFO]: [LP] Another command is being executed, waiting for it to finish...
[10:48:19] [Server thread/INFO]: [LP] Another command is being executed, waiting for it to finish...
[10:48:19] [luckperms-command-executor/INFO]: [LP] Set meta key 'skyblock.quest.done.35' to '5' for flaimerpro in context global.
[10:48:19] [luckperms-worker-3/INFO]: [LuckPerms] [Messaging] Sending log with id: a7a6628c-5e7c-4f38-aa6c-6b39f12f34e0
[10:48:19] [luckperms-worker-3/INFO]: [LuckPerms] [Messaging] Sending user ping for 'flaimerpro' with id: d4926c52-316a-4423-ae83-2a38de035e3c
[10:48:19] [luckperms-command-executor/INFO]: [LP] Set meta key 'skyblock.quest.done.36' to '5' for flaimerpro in context global.
[10:48:19] [luckperms-worker-3/INFO]: [LuckPerms] [Messaging] Sending log with id: cc986113-e815-42b8-911c-7657e7c23e73
[10:48:19] [luckperms-worker-5/INFO]: [LuckPerms] [Messaging] Sending user ping for 'flaimerpro' with id: 91dd38d2-ede7-4937-84c8-57ce7d26707e
[10:48:19] [luckperms-command-executor/INFO]: [LP] Set meta key 'skyblock.quest.done.37' to '5' for flaimerpro in context global.
[10:48:19] [luckperms-worker-5/INFO]: [LuckPerms] [Messaging] Sending log with id: 79e0beec-a785-4060-ae70-9ff230049fd0
[10:48:19] [luckperms-worker-3/INFO]: [LuckPerms] [Messaging] Sending user ping for 'flaimerpro' with id: 463738ca-5ee9-4988-8d26-ad6ab475e227
[10:48:22] [Server thread/INFO]: [LP] Another command is being executed, waiting for it to finish...
[10:48:22] [Server thread/INFO]: [LP] Another command is being executed, waiting for it to finish...
[10:48:22] [luckperms-command-executor/INFO]: [LP] Set meta key 'skyblock.quest.done.35' to '6' for flaimerpro in context global.
[10:48:22] [luckperms-worker-0/INFO]: [LuckPerms] [Messaging] Sending log with id: ceeb520d-3fa6-4ed4-b932-d71d5652f07d
[10:48:22] [luckperms-worker-0/INFO]: [LuckPerms] [Messaging] Sending user ping for 'flaimerpro' with id: dd82520c-a4ca-4096-a10d-9ac1f56054df
[10:48:22] [luckperms-command-executor/INFO]: [LP] Set meta key 'skyblock.quest.done.36' to '6' for flaimerpro in context global.
[10:48:22] [luckperms-worker-3/INFO]: [LuckPerms] [Messaging] Sending log with id: 1f9a25ac-f296-4b5c-84ac-e652648079bd
[10:48:22] [luckperms-worker-0/INFO]: [LuckPerms] [Messaging] Sending user ping for 'flaimerpro' with id: b79e13e5-d1a2-40d3-b2c7-38ece2f49478
[10:48:22] [luckperms-command-executor/INFO]: [LP] Set meta key 'skyblock.quest.done.37' to '6' for flaimerpro in context global.
[10:48:22] [luckperms-worker-5/INFO]: [LuckPerms] [Messaging] Sending log with id: d7dde35d-2cf3-44fe-98ba-4b1d7e27d3db
[10:48:22] [luckperms-worker-3/INFO]: [LuckPerms] [Messaging] Sending user ping for 'flaimerpro' with id: 37dad2ef-983f-4a78-bd76-d0ba0d5dc191
[10:49:26] [Server thread/WARN]: [Invero] Unexpected exception while parsing kether script:
[10:49:26] [Server thread/WARN]: [Invero] Line 1 of block "main": def main = {  element WarpName  } <--
[10:49:26] [Server thread/WARN]: [Invero] It should be entered as "[in, of]", but it is actually "}".
[10:49:26] [Server thread/INFO]: [I] 产生了一个错误
[10:49:26] [Server thread/INFO]: java.util.concurrent.CompletionException
[10:49:26] [Server thread/INFO]: java.lang.IllegalStateException: Nulled sourceObject context
[10:49:26] [Server thread/INFO]:  cc.trixey.invero.taboolib.library.kether.Parser$1$1.process(Parser.java:122)
[10:49:26] [Server thread/INFO]:  cc.trixey.invero.taboolib.library.kether.ParsedAction.process(ParsedAction.java:25)
[10:49:26] [Server thread/INFO]:  cc.trixey.invero.taboolib.library.kether.AbstractQuestContext$SimpleNamedFrame.process(AbstractQuestContext.java:256)
[10:49:26] [Server thread/INFO]:  cc.trixey.invero.taboolib.library.kether.AbstractQuestContext$SimpleNamedFrame.run(AbstractQuestContext.java:244)
[10:49:26] [Server thread/INFO]:  cc.trixey.invero.taboolib.library.kether.AbstractQuestContext.runActions(AbstractQuestContext.java:66)
[10:49:26] [Server thread/INFO]:  cc.trixey.invero.taboolib.module.kether.KetherShell.eval(KetherShell.kt:67)
[10:49:26] [Server thread/INFO]:  cc.trixey.invero.taboolib.module.kether.KetherFunction$parse$6.invoke(KetherFunction.kt:56)
[10:49:26] [Server thread/INFO]:  cc.trixey.invero.taboolib.module.kether.KetherFunction$parse$6.invoke(KetherFunction.kt:55)
[10:49:26] [Server thread/INFO]:  cc.trixey.invero.taboolib.common.util.VariableReader.replaceNested(VariableReader.kt:33)
[10:49:26] [Server thread/INFO]:  cc.trixey.invero.taboolib.module.kether.KetherFunction.parse(KetherFunction.kt:55)
[10:49:26] [Server thread/INFO]:  cc.trixey.invero.taboolib.module.kether.KetherFunction.parse$default(KetherFunction.kt:46)
[10:49:26] [Server thread/INFO]:  cc.trixey.invero.core.util.KetherHandler.parseInline(KetherHandler.kt:35)
[10:49:26] [Server thread/INFO]:  cc.trixey.invero.core.util.FluentMessageKt.translateFormattedMessage(FluentMessage.kt:30)
[10:49:26] [Server thread/INFO]:  cc.trixey.invero.core.Session.parse(Session.kt:88)
[10:49:26] [Server thread/INFO]:  cc.trixey.invero.core.Session.parse$default(Session.kt:87)
[10:49:26] [Server thread/INFO]:  cc.trixey.invero.core.script.UtilsKt.parse(Utils.kt:102)
[10:49:26] [Server thread/INFO]:  cc.trixey.invero.core.script.override.ActionCommand.run$lambda$1(ActionCommand.kt:25)
[10:49:26] [Server thread/INFO]:  cc.trixey.invero.taboolib.module.kether.ScriptSchedulerExecutor.execute(ScriptSchedulerExecutor.kt:11)
[10:49:26] [Server thread/INFO]:  cc.trixey.invero.taboolib.library.kether.AbstractQuestContext$QuestExecutor.execute(AbstractQuestContext.java:96)
[10:49:26] [Server thread/INFO]:  cc.trixey.invero.core.script.override.ActionCommand.run(ActionCommand.kt:21)
[10:49:26] [Server thread/INFO]:  cc.trixey.invero.taboolib.module.kether.ScriptAction.process(ScriptAction.kt:16)
[10:49:26] [Server thread/INFO]:  cc.trixey.invero.taboolib.library.kether.ParsedAction.process(ParsedAction.java:25)
[10:49:26] [Server thread/INFO]:  cc.trixey.invero.taboolib.library.kether.AbstractQuestContext$SimpleNamedFrame.process(AbstractQuestContext.java:256)
[10:49:26] [Server thread/INFO]:  cc.trixey.invero.taboolib.library.kether.AbstractQuestContext$SimpleNamedFrame.run(AbstractQuestContext.java:244)
[10:49:26] [Server thread/INFO]:  cc.trixey.invero.taboolib.library.kether.AbstractQuestContext.runActions(AbstractQuestContext.java:66)
[10:49:26] [Server thread/INFO]:  cc.trixey.invero.taboolib.module.kether.KetherShell.eval(KetherShell.kt:67)
[10:49:26] [Server thread/INFO]:  cc.trixey.invero.taboolib.module.kether.KetherShell.eval$default(KetherShell.kt:46)
[10:49:26] [Server thread/INFO]:  cc.trixey.invero.core.util.KetherHandler$invoke$1$1.invoke(KetherHandler.kt:25)
[10:49:26] [Server thread/INFO]:  cc.trixey.invero.core.util.KetherHandler$invoke$1$1.invoke(KetherHandler.kt:24)
[10:49:26] [Server thread/INFO]:  cc.trixey.invero.taboolib.module.kether.KetherHelperKt.runKether(KetherHelper.kt:21)
[10:49:26] [Server thread/INFO]:  cc.trixey.invero.taboolib.module.kether.KetherHelperKt.runKether$default(KetherHelper.kt:19)
[10:49:26] [Server thread/INFO]:  cc.trixey.invero.core.util.KetherHandler.invoke(KetherHandler.kt:24)
[10:49:26] [Server thread/INFO]:  cc.trixey.invero.core.action.ActionKether.run(ActionKether.kt:24)
[10:49:26] [Server thread/INFO]:  cc.trixey.invero.core.icon.IconHandler.run(IconHandler.kt:28)
[10:49:26] [Server thread/INFO]:  cc.trixey.invero.core.icon.IconElement$render$3.invoke(IconElement.kt:75)
[10:49:26] [Server thread/INFO]:  cc.trixey.invero.core.icon.IconElement$render$3.invoke(IconElement.kt:75)
[10:49:26] [Server thread/INFO]:  cc.trixey.invero.ui.bukkit.element.Clickable$DefaultImpls.runClickCallbacks(Clickable.kt:33)
[10:49:26] [Server thread/INFO]:  cc.trixey.invero.ui.bukkit.element.item.BaseItem.runClickCallbacks(BaseItem.kt:28)
[10:49:26] [Server thread/INFO]:  cc.trixey.invero.ui.bukkit.panel.PagedGeneratorPanel.handleClick-cUe4UKk(PagedGeneratorPanel.kt:109)
[10:49:26] [Server thread/INFO]:  cc.trixey.invero.ui.bukkit.InventoryVanilla.handleClick(InventoryVanilla.kt:164)
[10:49:26] [Server thread/INFO]:  cc.trixey.invero.ui.bukkit.Listener$e$1.invoke(Listener.kt:48)
[10:49:26] [Server thread/INFO]:  cc.trixey.invero.ui.bukkit.Listener$e$1.invoke(Listener.kt:44)
[10:49:26] [Server thread/INFO]:  cc.trixey.invero.ui.bukkit.Listener.delegatedEvent(Listener.kt:77)
[10:49:26] [Server thread/INFO]:  cc.trixey.invero.ui.bukkit.Listener.e(Listener.kt:44)
[10:49:26] [Server thread/INFO]:  cc.trixey.invero.taboolib.library.reflex.JavaClassMethod.invoke(JavaClassMethod.kt:31)
[10:49:26] [Server thread/INFO]:  cc.trixey.invero.taboolib.common.platform.event.EventBus.invoke(EventBus.kt:132)
[10:49:26] [Server thread/INFO]:  cc.trixey.invero.taboolib.common.platform.event.EventBus.invoke$default(EventBus.kt:130)
[10:49:26] [Server thread/INFO]:  cc.trixey.invero.taboolib.common.platform.event.EventBus$registerBukkit$2.invoke(EventBus.kt:77)
[10:49:26] [Server thread/INFO]:  cc.trixey.invero.taboolib.common.platform.event.EventBus$registerBukkit$2.invoke(EventBus.kt:76)
[10:49:26] [Server thread/INFO]:  cc.trixey.invero.taboolib.common.platform.function.ListenerKt$registerBukkitListener$1.invoke(Listener.kt:39)
[10:49:26] [Server thread/INFO]:  cc.trixey.invero.taboolib.common.platform.function.ListenerKt$registerBukkitListener$1.invoke(Listener.kt:39)
[10:49:26] [Server thread/INFO]:  cc.trixey.invero.taboolib.platform.BukkitListener$registerListener$listener$1.invoke(BukkitListener.kt:35)
[10:49:26] [Server thread/INFO]:  cc.trixey.invero.taboolib.platform.BukkitListener$registerListener$listener$1.invoke(BukkitListener.kt:35)
[10:49:26] [Server thread/INFO]:  cc.trixey.invero.taboolib.platform.BukkitListener$BukkitListener.execute(BukkitListener.kt:72)
[10:49:26] [Server thread/INFO]: Caused by: 
[10:49:26] [Server thread/INFO]: java.lang.IllegalStateException
[10:49:26] [Server thread/INFO]: Nulled sourceObject context
[10:49:26] [Server thread/INFO]:  cc.trixey.invero.core.script.UtilsKt.selfSourceObject(Utils.kt:67)
[10:49:26] [Server thread/INFO]:  cc.trixey.invero.core.script.ActionSource$parser$1$1$1.invoke(ActionSource.kt:22)
[10:49:26] [Server thread/INFO]:  cc.trixey.invero.core.script.ActionSource$parser$1$1$1.invoke(ActionSource.kt:21)
[10:49:26] [Server thread/INFO]:  cc.trixey.invero.taboolib.module.kether.ParserHolder.now$lambda-14(ParserHolder.kt:55)
[10:49:26] [Server thread/INFO]:  cc.trixey.invero.taboolib.library.kether.Parser$1$1.lambda$process$0(Parser.java:122)
[10:49:26] [Server thread/INFO]:  cc.trixey.invero.taboolib.library.kether.Parser$1$1.process(Parser.java:122)
[10:49:26] [Server thread/INFO]:  cc.trixey.invero.taboolib.library.kether.ParsedAction.process(ParsedAction.java:25)
[10:49:26] [Server thread/INFO]:  cc.trixey.invero.taboolib.library.kether.AbstractQuestContext$SimpleNamedFrame.process(AbstractQuestContext.java:256)
[10:49:26] [Server thread/INFO]:  cc.trixey.invero.taboolib.library.kether.AbstractQuestContext$SimpleNamedFrame.run(AbstractQuestContext.java:244)
[10:49:26] [Server thread/INFO]:  cc.trixey.invero.taboolib.library.kether.AbstractQuestContext.runActions(AbstractQuestContext.java:66)
[10:49:26] [Server thread/INFO]:  cc.trixey.invero.taboolib.module.kether.KetherShell.eval(KetherShell.kt:67)
[10:49:26] [Server thread/INFO]:  cc.trixey.invero.taboolib.module.kether.KetherFunction$parse$6.invoke(KetherFunction.kt:56)
[10:49:26] [Server thread/INFO]:  cc.trixey.invero.taboolib.module.kether.KetherFunction$parse$6.invoke(KetherFunction.kt:55)
[10:49:26] [Server thread/INFO]:  cc.trixey.invero.taboolib.common.util.VariableReader.replaceNested(VariableReader.kt:33)
[10:49:26] [Server thread/INFO]:  cc.trixey.invero.taboolib.module.kether.KetherFunction.parse(KetherFunction.kt:55)
[10:49:26] [Server thread/INFO]:  cc.trixey.invero.taboolib.module.kether.KetherFunction.parse$default(KetherFunction.kt:46)
[10:49:26] [Server thread/INFO]:  cc.trixey.invero.core.util.KetherHandler.parseInline(KetherHandler.kt:35)
[10:49:26] [Server thread/INFO]:  cc.trixey.invero.core.util.FluentMessageKt.translateFormattedMessage(FluentMessage.kt:30)
[10:49:26] [Server thread/INFO]:  cc.trixey.invero.core.Session.parse(Session.kt:88)
[10:49:26] [Server thread/INFO]:  cc.trixey.invero.core.Session.parse$default(Session.kt:87)
[10:49:26] [Server thread/INFO]:  cc.trixey.invero.core.script.UtilsKt.parse(Utils.kt:102)
[10:49:26] [Server thread/INFO]:  cc.trixey.invero.core.script.override.ActionCommand.run$lambda$1(ActionCommand.kt:25)
[10:49:26] [Server thread/INFO]:  cc.trixey.invero.taboolib.module.kether.ScriptSchedulerExecutor.execute(ScriptSchedulerExecutor.kt:11)
[10:49:26] [Server thread/INFO]:  cc.trixey.invero.taboolib.library.kether.AbstractQuestContext$QuestExecutor.execute(AbstractQuestContext.java:96)
[10:49:26] [Server thread/INFO]:  cc.trixey.invero.core.script.override.ActionCommand.run(ActionCommand.kt:21)
[10:49:26] [Server thread/INFO]:  cc.trixey.invero.taboolib.module.kether.ScriptAction.process(ScriptAction.kt:16)
[10:49:26] [Server thread/INFO]:  cc.trixey.invero.taboolib.library.kether.ParsedAction.process(ParsedAction.java:25)
[10:49:26] [Server thread/INFO]:  cc.trixey.invero.taboolib.library.kether.AbstractQuestContext$SimpleNamedFrame.process(AbstractQuestContext.java:256)
[10:49:26] [Server thread/INFO]:  cc.trixey.invero.taboolib.library.kether.AbstractQuestContext$SimpleNamedFrame.run(AbstractQuestContext.java:244)
[10:49:26] [Server thread/INFO]:  cc.trixey.invero.taboolib.library.kether.AbstractQuestContext.runActions(AbstractQuestContext.java:66)
[10:49:26] [Server thread/INFO]:  cc.trixey.invero.taboolib.module.kether.KetherShell.eval(KetherShell.kt:67)
[10:49:26] [Server thread/INFO]:  cc.trixey.invero.taboolib.module.kether.KetherShell.eval$default(KetherShell.kt:46)
[10:49:26] [Server thread/INFO]:  cc.trixey.invero.core.util.KetherHandler$invoke$1$1.invoke(KetherHandler.kt:25)
[10:49:26] [Server thread/INFO]:  cc.trixey.invero.core.util.KetherHandler$invoke$1$1.invoke(KetherHandler.kt:24)
[10:49:26] [Server thread/INFO]:  cc.trixey.invero.taboolib.module.kether.KetherHelperKt.runKether(KetherHelper.kt:21)
[10:49:26] [Server thread/INFO]:  cc.trixey.invero.taboolib.module.kether.KetherHelperKt.runKether$default(KetherHelper.kt:19)
[10:49:26] [Server thread/INFO]:  cc.trixey.invero.core.util.KetherHandler.invoke(KetherHandler.kt:24)
[10:49:26] [Server thread/INFO]:  cc.trixey.invero.core.action.ActionKether.run(ActionKether.kt:24)
[10:49:26] [Server thread/INFO]:  cc.trixey.invero.core.icon.IconHandler.run(IconHandler.kt:28)
[10:49:26] [Server thread/INFO]:  cc.trixey.invero.core.icon.IconElement$render$3.invoke(IconElement.kt:75)
[10:49:26] [Server thread/INFO]:  cc.trixey.invero.core.icon.IconElement$render$3.invoke(IconElement.kt:75)
[10:49:26] [Server thread/INFO]:  cc.trixey.invero.ui.bukkit.element.Clickable$DefaultImpls.runClickCallbacks(Clickable.kt:33)
[10:49:26] [Server thread/INFO]:  cc.trixey.invero.ui.bukkit.element.item.BaseItem.runClickCallbacks(BaseItem.kt:28)
[10:49:26] [Server thread/INFO]:  cc.trixey.invero.ui.bukkit.panel.PagedGeneratorPanel.handleClick-cUe4UKk(PagedGeneratorPanel.kt:109)
[10:49:26] [Server thread/INFO]:  cc.trixey.invero.ui.bukkit.InventoryVanilla.handleClick(InventoryVanilla.kt:164)
[10:49:26] [Server thread/INFO]:  cc.trixey.invero.ui.bukkit.Listener$e$1.invoke(Listener.kt:48)
[10:49:26] [Server thread/INFO]:  cc.trixey.invero.ui.bukkit.Listener$e$1.invoke(Listener.kt:44)
[10:49:26] [Server thread/INFO]:  cc.trixey.invero.ui.bukkit.Listener.delegatedEvent(Listener.kt:77)
[10:49:26] [Server thread/INFO]:  cc.trixey.invero.ui.bukkit.Listener.e(Listener.kt:44)
[10:49:26] [Server thread/INFO]:  cc.trixey.invero.taboolib.library.reflex.JavaClassMethod.invoke(JavaClassMethod.kt:31)
[10:49:26] [Server thread/INFO]:  cc.trixey.invero.taboolib.common.platform.event.EventBus.invoke(EventBus.kt:132)
[10:49:26] [Server thread/INFO]:  cc.trixey.invero.taboolib.common.platform.event.EventBus.invoke$default(EventBus.kt:130)
[10:49:26] [Server thread/INFO]:  cc.trixey.invero.taboolib.common.platform.event.EventBus$registerBukkit$2.invoke(EventBus.kt:77)
[10:49:26] [Server thread/INFO]:  cc.trixey.invero.taboolib.common.platform.event.EventBus$registerBukkit$2.invoke(EventBus.kt:76)
[10:49:26] [Server thread/INFO]:  cc.trixey.invero.taboolib.common.platform.function.ListenerKt$registerBukkitListener$1.invoke(Listener.kt:39)
[10:49:26] [Server thread/INFO]:  cc.trixey.invero.taboolib.common.platform.function.ListenerKt$registerBukkitListener$1.invoke(Listener.kt:39)
[10:49:26] [Server thread/INFO]:  cc.trixey.invero.taboolib.platform.BukkitListener$registerListener$listener$1.invoke(BukkitListener.kt:35)
[10:49:26] [Server thread/INFO]:  cc.trixey.invero.taboolib.platform.BukkitListener$registerListener$listener$1.invoke(BukkitListener.kt:35)
[10:49:26] [Server thread/INFO]:  cc.trixey.invero.taboolib.platform.BukkitListener$BukkitListener.execute(BukkitListener.kt:72)
[10:49:36] [Server thread/INFO]: FlaimerPro issued server command: /warp
[10:50:20] [Server thread/INFO]: [CMI] Loaded (1) custom text's into memory. Took 0ms
[10:50:20] [Server thread/INFO]: [CMI] Started SqLite data base. Took 15ms
[10:50:20] [Server thread/INFO]: [CMI] Loaded (5) warning categories into memory. Took 0ms
[10:50:20] [Server thread/INFO]: [CMI] Loaded (3) warning commands into memory. Took 0ms
[10:50:20] [Server thread/INFO]: [CMI] Loaded (95) custom mob heads into memory. Took 31ms
[10:50:20] [Server thread/INFO]: [CMI] Loaded (0) cooldowns into memory. Took 31ms
[10:50:20] [Server thread/INFO]: [CMI] (RandomTeleportation) Can't find world with (world_the_end) name
[10:50:20] [Server thread/INFO]: [CMI] (RandomTeleportation) Can't find world with (world_nether) name
[10:50:20] [Server thread/INFO]: [CMI] Updated (EN) language file. Took 94ms
[10:50:20] [Server thread/INFO]: [CMI] Updated (RU) language file. Took 111ms
[10:50:20] [Server thread/INFO]: [CMI] Loaded (6) warps into memory. Took 0ms
[10:50:20] [Server thread/INFO]: [CMI] Loaded (56) regular alias into memory. Took 31ms
[10:50:20] [Server thread/INFO]: [CMI] Loaded (245) worth values into memory. Took 0ms
[10:50:20] [Server thread/INFO]: [CMI] Loaded (0) skin cache entries into memory. Took 0ms
[10:50:20] [Server thread/INFO]: [CMI] Loaded (0) event action commands into memory. Took 0ms
[10:50:20] [Server thread/INFO]: Конфигурация и локальные файлы перезагружены!
[10:50:27] [Server thread/INFO]: FlaimerPro issued server command: /warp
[10:50:32] [Server thread/INFO]: FlaimerPro issued server command: /npc
[10:50:39] [Server thread/INFO]: FlaimerPro issued server command: /warp
[10:50:40] [Server thread/INFO]: FlaimerPro issued server command: /warps
[10:50:42] [Server thread/INFO]: FlaimerPro issued server command: /warps
[10:50:44] [Server thread/INFO]: FlaimerPro issued server command: /warps
[10:50:47] [Server thread/INFO]: FlaimerPro issued server command: /warps
[10:50:49] [Server thread/INFO]: FlaimerPro issued server command: /warps
[10:50:51] [Server thread/INFO]: FlaimerPro issued server command: /warps
[10:50:53] [Server thread/INFO]: FlaimerPro issued server command: /warps
[10:51:37] [Server thread/INFO]: FlaimerPro issued server command: /kit
[10:51:37] [Server thread/WARN]: [Invero] Unexpected exception while parsing kether script:
[10:51:37] [Server thread/WARN]: [Invero] Line 1 of block "main": def main = { element Name } <--
[10:51:37] [Server thread/WARN]: [Invero] It should be entered as "[in, of]", but it is actually "}".
[10:51:37] [Server thread/WARN]: [Invero] Unexpected exception while parsing kether script:
[10:51:37] [Server thread/WARN]: [Invero] Line 1 of block "main": def main = { element Name } <--
[10:51:37] [Server thread/WARN]: [Invero] It should be entered as "[in, of]", but it is actually "}".
[11:02:50] [Server thread/INFO]: Stopping the server
[11:02:50] [Server thread/INFO]: Stopping server
[11:02:50] [Server thread/INFO]: [UltimateStacker] Disabling UltimateStacker v2.1.7
[11:02:50] [Server thread/INFO]:  
[11:02:50] [Server thread/INFO]: =============================
[11:02:50] [Server thread/INFO]: UltimateStacker 2.1.7 by Songoda <3!
[11:02:50] [Server thread/INFO]: Action: Disabling...
[11:02:50] [Server thread/INFO]: =============================
[11:02:50] [Server thread/INFO]:  
[11:02:50] [Server thread/INFO]: [CMI] Disabling CMI v9.0.0.4
[11:02:50] [Server thread/INFO]: [CMI] Closed db connections
[11:02:50] [Server thread/INFO]: [CMILib] Disabling CMILib v1.0.2.13
[11:02:50] [Server thread/INFO]: [SnapiArena] Disabling SnapiArena v1.0.0
[11:02:50] [Server thread/INFO]: [ItemJoin] Disabling ItemJoin v6.0.7-RELEASE-b995
[11:02:50] [Server thread/INFO]: [WGRegionEvents] Disabling WGRegionEvents v1.1
[11:02:50] [Server thread/INFO]: [Citizens] Disabling Citizens v2.0.30-SNAPSHOT (build 2881)
[11:02:50] [Server thread/INFO]: [WorldGuard] Disabling WorldGuard v6.2.2-SNAPSHOT
[11:02:50] [Server thread/INFO]: [WorldGuard] Завершение работы исполнителя и ожидание каких-либо незавершенных задач...
[11:02:50] [Server thread/INFO]: [CrazyCrates] Disabling CrazyCrates v1.10.2.2
[11:02:50] [Server thread/INFO]: [DecentHolograms] Disabling DecentHolograms v2.8.6
[11:02:50] [Server thread/INFO]: [SnapiCoin] Disabling SnapiCoin v1.0.0
[11:02:50] [Server thread/INFO]: [SnapiBalancer] Disabling SnapiBalancer v1.5
[11:02:50] [Server thread/INFO]: [SnapiProfile] Disabling SnapiProfile v1.0.0
[11:02:50] [Server thread/INFO]: [Invero] Disabling Invero v1.0.8-pre-1
[11:02:50] [Server thread/INFO]: [com.zaxxer.hikari_4_0_3.HikariDataSource] HikariPool-1 - Shutdown initiated...
[11:02:50] [Server thread/INFO]: [com.zaxxer.hikari_4_0_3.HikariDataSource] HikariPool-1 - Shutdown completed.
[11:02:50] [Server thread/INFO]: [SnapiCooperation] Disabling SnapiCooperation v1.0.0
[11:02:50] [Server thread/INFO]: [SnapiClans] Disabling SnapiClans v3.0.0
[11:02:50] [Server thread/INFO]: [TAB] Disabling TAB v4.0.3
[11:02:50] [Server thread/INFO]: [TAB] Disabled in 0ms
[11:02:50] [Server thread/INFO]: [CrazyAuctions] Disabling CrazyAuctions v1.2.7
[11:02:50] [Server thread/INFO]: [ajLeaderboards] Disabling ajLeaderboards v2.3.0-mysqlfix
[11:02:50] [Server thread/INFO]: [ajLeaderboards] ajLeaderboards v2.3.0-mysqlfix disabled.
[11:02:50] [Server thread/INFO]: [SnapiSeller] Disabling SnapiSeller v1.0-alpha
[11:02:50] [Server thread/INFO]: [com.zaxxer.hikari.pool.HikariPool] DB - is closing down.
[11:02:50] [Server thread/INFO]: [SuperLobby] Disabling SuperLobby v4.7.5
[11:02:50] [Server thread/INFO]: [SnapiLibrary] Disabling SnapiLibrary v2.0.0
[11:02:50] [Server thread/INFO]: [XConomy] Disabling XConomy v2.25.15
[11:02:50] [XConomyRedisSub/INFO]: [XConomy] Unsubscribe redis channel
[11:02:50] [Server thread/INFO]: [XConomy] XConomy успешно выключен
[11:02:50] [Server thread/INFO]: [HeadDatabase] Disabling HeadDatabase v4.13.4
[11:02:50] [Server thread/INFO]: [FabledSkyBlock] Disabling FabledSkyBlock vBuild-71
[11:02:50] [Server thread/INFO]: =============================
[11:02:50] [Server thread/INFO]: FabledSkyBlock Build-71 by Songoda <3!
[11:02:50] [Server thread/INFO]: Action: Disabling...
[11:02:50] [Server thread/INFO]: =============================
[11:02:50] [Server thread/INFO]: [SlotMachineGUI] Disabling SlotMachineGUI v1.0.7
[11:02:50] [Server thread/INFO]: [Chatty] Disabling Chatty v2.19.14
[11:02:50] [Server thread/INFO]: [TigerReports] Disabling TigerReports v4.13.1
[11:02:50] [Server thread/INFO]: [InteractiveBoard] Disabling InteractiveBoard v19.3
[11:02:50] [Server thread/INFO]: [AlonsoLevels] Disabling AlonsoLevels v2.2.3-BETA-PRO
[11:02:50] [Server thread/INFO]: [AlonsoLevels] [MySQL] Forcing connection close..
[11:02:50] [Server thread/INFO]: [com.alonsoaliaga.alonsolevels.libraries.hikari.HikariDataSource] HikariPool-1 - Shutdown initiated...
[11:02:50] [Server thread/INFO]: [com.alonsoaliaga.alonsolevels.libraries.hikari.HikariDataSource] HikariPool-1 - Shutdown completed.
[11:02:50] [Server thread/INFO]:  
[11:02:50] [Server thread/INFO]: [AlonsoLevels] Plugin has been disabled!
[11:02:50] [Server thread/INFO]: [AlonsoLevels] Thank you for using my plugin!
[11:02:50] [Server thread/INFO]:  
[11:02:50] [Server thread/INFO]: [LastLoginAPI] Disabling LastLoginAPI v1.7.4
[11:02:50] [Server thread/INFO]: [LastLoginAPI] Disabling LastLoginAPI
[11:02:50] [Server thread/WARN]: [Server thread] INFO com.alessiodp.lastloginapi.libs.hikari.HikariDataSource - HikariPool-1 - Shutdown initiated...
[11:02:50] [Server thread/WARN]: [Server thread] INFO com.alessiodp.lastloginapi.libs.hikari.HikariDataSource - HikariPool-1 - Shutdown completed.
[11:02:50] [Server thread/INFO]: [LastLoginAPI] LastLoginAPI disabled
[11:02:50] [Server thread/INFO]: [BetterSocial] Disabling BetterSocial v1.3-BETA
[11:02:50] [Server thread/INFO]: [BetterSocial] [MySQL] Forcing connection close..
[11:02:50] [Server thread/INFO]: [com.alonsoaliaga.bettersocial.libraries.hikari.HikariDataSource] HikariPool-1 - Shutdown initiated...
[11:02:50] [Server thread/INFO]: [com.alonsoaliaga.bettersocial.libraries.hikari.HikariDataSource] HikariPool-1 - Shutdown completed.
[11:02:50] [Server thread/INFO]:  
[11:02:50] [Server thread/INFO]: [BetterSocial] Plugin has been disabled!
[11:02:50] [Server thread/INFO]: [BetterSocial] Thank you for using my plugin!
[11:02:50] [Server thread/INFO]:  
[11:02:50] [Server thread/INFO]: [ViaRewind] Disabling ViaRewind v4.0.0
[11:02:50] [Server thread/INFO]: [Vault] Disabling Vault v1.7.3-b131
[11:02:50] [Server thread/INFO]: [PlaceholderAPI] Unregistered placeholder expansion: vault
[11:02:50] [Server thread/INFO]: [CommandForward] Disabling CommandForward v0.5.0
[11:02:50] [Server thread/INFO]: [ProtocolLib] Disabling ProtocolLib v5.0.0-SNAPSHOT-b587
[11:02:50] [Server thread/INFO]: [ConditionalEvents] Disabling ConditionalEvents v3.14.2
[11:02:50] [Server thread/INFO]: [ConditionalEvents] Has been disabled! Version: 3.14.2
[11:02:50] [Server thread/INFO]: [DisableJoinMessage] Disabling DisableJoinMessage v1.0
[11:02:50] [Server thread/INFO]: [WorldEdit] Disabling WorldEdit v6.1.9-SNAPSHOT;
[11:02:50] [Server thread/INFO]: [LuckPerms] Disabling LuckPerms v5.4.117
[11:02:50] [Server thread/INFO]: [PlaceholderAPI] Unregistered placeholder expansion: luckperms
[11:02:50] [Server thread/INFO]: [LuckPerms] Starting shutdown process...
[11:02:50] [Server thread/INFO]: [LuckPerms] Closing messaging service...
[11:02:50] [Server thread/INFO]: [LuckPerms] Closing storage...
[11:02:50] [Server thread/INFO]: [me.lucko.luckperms.lib.hikari.HikariDataSource] luckperms-hikari - Shutdown initiated...
[11:02:50] [Server thread/INFO]: [me.lucko.luckperms.lib.hikari.HikariDataSource] luckperms-hikari - Shutdown completed.
[11:02:50] [Server thread/INFO]: [LuckPerms] Goodbye!
[11:02:50] [Server thread/INFO]: [ViaBackwards] Disabling ViaBackwards v5.0.1
[11:02:50] [Server thread/INFO]: [TimeLock] Disabling TimeLock v0.5
[11:02:50] [Server thread/INFO]: [TimeLock] Disabled
[11:02:50] [Server thread/INFO]: [NBTAPI] Disabling NBTAPI v2.8.0
[11:02:50] [Server thread/INFO]: [ViaVersion] Disabling ViaVersion v5.0.1
[11:02:50] [Server thread/INFO]: [ViaVersion] ViaVersion is disabling, if this is a reload and you experience issues consider rebooting.
[11:02:50] [Server thread/INFO]: [MythicalTrader] Disabling MythicalTrader v1.0-alpha
[11:02:50] [Server thread/INFO]: [ServerUtils] Disabling ServerUtils v3.5.3
[11:02:50] [Server thread/INFO]: [OldCombatMechanics] Disabling OldCombatMechanics v1.11.0
[11:02:50] [Server thread/INFO]: [OldCombatMechanics] OldCombatMechanics v1.11.0 has been disabled
[11:02:50] [Server thread/INFO]: [AntiRelog] Disabling AntiRelog v2.1
[11:02:50] [Server thread/INFO]: [MTBackpack] Disabling MTBackpack v1.18.0
[11:02:50] [Server thread/INFO]: [PlaceholderAPI] Disabling PlaceholderAPI v2.10.10
[11:02:50] [Server thread/INFO]: [LocaleLib] Disabling LocaleLib v2.1
[11:02:50] [Server thread/INFO]: [VoidTeleport] Disabling VoidTeleport v2.4.1
[11:02:50] [Server thread/INFO]: Saving players
[11:02:50] [Server thread/INFO]: FlaimerPro lost connection: Server closed
[11:02:50] [Server thread/INFO]: FlaimerPro left the game
[11:02:51] [Server thread/INFO]: Saving worlds
[11:02:51] [Server thread/INFO]: Saving chunks for level 'world'/overworld
[11:02:51] [Server thread/INFO]: Saving chunks for level 'island_normal'/overworld
[11:02:51] [Server thread/INFO]: Saving chunks for level 'island_nether'/the_nether
[11:02:51] [Server thread/INFO]: Saving chunks for level 'island_end'/the_end
